<?xml version="1.0" encoding="UTF-8"?>
<testsuites>
  <testsuite name="/app/phpunit.xml.dist" tests="41" assertions="65" errors="0" failures="0" skipped="0" time="1.161847">
    <testsuite name="Unit" tests="40" assertions="63" errors="0" failures="0" skipped="0" time="1.042475">
      <testsuite name="Tests\Unit\Playground\Test\Models\AbstractUser\ModelTest" file="/app/tests/Unit/Models/AbstractUser/ModelTest.php" tests="1" assertions="2" errors="0" failures="0" skipped="0" time="0.234100">
        <testcase name="test_getAttributes" file="/app/tests/Unit/Models/AbstractUser/ModelTest.php" line="18" class="Tests\Unit\Playground\Test\Models\AbstractUser\ModelTest" classname="Tests.Unit.Playground.Test.Models.AbstractUser.ModelTest" assertions="2" time="0.234100"/>
      </testsuite>
      <testsuite name="Tests\Unit\Playground\Test\Models\ModelCase\ModelTest" file="/app/tests/Unit/Models/ModelCase/ModelTest.php" tests="3" assertions="9" errors="0" failures="0" skipped="0" time="0.073609">
        <testcase name="test_model_instance" file="/app/src/Unit/Models/ModelCase.php" line="100" class="Tests\Unit\Playground\Test\Models\ModelCase\ModelTest" classname="Tests.Unit.Playground.Test.Models.ModelCase.ModelTest" assertions="1" time="0.023068"/>
        <testcase name="test_verify_model_relationships" file="/app/src/Unit/Models/ModelCase.php" line="261" class="Tests\Unit\Playground\Test\Models\ModelCase\ModelTest" classname="Tests.Unit.Playground.Test.Models.ModelCase.ModelTest" assertions="5" time="0.018568"/>
        <testcase name="test_model_factory_make" file="/app/src/Unit/Models/ModelCase.php" line="277" class="Tests\Unit\Playground\Test\Models\ModelCase\ModelTest" classname="Tests.Unit.Playground.Test.Models.ModelCase.ModelTest" assertions="3" time="0.031974"/>
      </testsuite>
      <testsuite name="Tests\Unit\Playground\Test\Models\PlaygroundUser\InstanceTest" file="/app/tests/Unit/Models/PlaygroundUser/InstanceTest.php" tests="11" assertions="15" errors="0" failures="0" skipped="0" time="0.220401">
        <testcase name="test_getAttributes" file="/app/tests/Unit/Models/PlaygroundUser/InstanceTest.php" line="22" class="Tests\Unit\Playground\Test\Models\PlaygroundUser\InstanceTest" classname="Tests.Unit.Playground.Test.Models.PlaygroundUser.InstanceTest" assertions="2" time="0.023824"/>
        <testcase name="test_hasRole_is_false_without_role" file="/app/tests/Unit/Models/PlaygroundUser/InstanceTest.php" line="55" class="Tests\Unit\Playground\Test\Models\PlaygroundUser\InstanceTest" classname="Tests.Unit.Playground.Test.Models.PlaygroundUser.InstanceTest" assertions="1" time="0.018751"/>
        <testcase name="test_hasRole_is_true_with_matching_role" file="/app/tests/Unit/Models/PlaygroundUser/InstanceTest.php" line="69" class="Tests\Unit\Playground\Test\Models\PlaygroundUser\InstanceTest" classname="Tests.Unit.Playground.Test.Models.PlaygroundUser.InstanceTest" assertions="1" time="0.018735"/>
        <testcase name="test_hasRole_is_true_with_matching_secondary_role" file="/app/tests/Unit/Models/PlaygroundUser/InstanceTest.php" line="85" class="Tests\Unit\Playground\Test\Models\PlaygroundUser\InstanceTest" classname="Tests.Unit.Playground.Test.Models.PlaygroundUser.InstanceTest" assertions="4" time="0.019587"/>
        <testcase name="test_isAdmin_is_true_with_admin_role" file="/app/tests/Unit/Models/PlaygroundUser/InstanceTest.php" line="108" class="Tests\Unit\Playground\Test\Models\PlaygroundUser\InstanceTest" classname="Tests.Unit.Playground.Test.Models.PlaygroundUser.InstanceTest" assertions="1" time="0.021496"/>
        <testcase name="test_isAdmin_is_true_with_admin_secondary_role" file="/app/tests/Unit/Models/PlaygroundUser/InstanceTest.php" line="128" class="Tests\Unit\Playground\Test\Models\PlaygroundUser\InstanceTest" classname="Tests.Unit.Playground.Test.Models.PlaygroundUser.InstanceTest" assertions="1" time="0.018700"/>
        <testcase name="test_isAdmin_is_true_with_wheel_role" file="/app/tests/Unit/Models/PlaygroundUser/InstanceTest.php" line="148" class="Tests\Unit\Playground\Test\Models\PlaygroundUser\InstanceTest" classname="Tests.Unit.Playground.Test.Models.PlaygroundUser.InstanceTest" assertions="1" time="0.018616"/>
        <testcase name="test_isAdmin_is_true_with_wheel_secondary_role" file="/app/tests/Unit/Models/PlaygroundUser/InstanceTest.php" line="168" class="Tests\Unit\Playground\Test\Models\PlaygroundUser\InstanceTest" classname="Tests.Unit.Playground.Test.Models.PlaygroundUser.InstanceTest" assertions="1" time="0.018897"/>
        <testcase name="test_isAdmin_is_true_with_root_role" file="/app/tests/Unit/Models/PlaygroundUser/InstanceTest.php" line="188" class="Tests\Unit\Playground\Test\Models\PlaygroundUser\InstanceTest" classname="Tests.Unit.Playground.Test.Models.PlaygroundUser.InstanceTest" assertions="1" time="0.020560"/>
        <testcase name="test_isAdmin_is_false_with_root_secondary_role" file="/app/tests/Unit/Models/PlaygroundUser/InstanceTest.php" line="208" class="Tests\Unit\Playground\Test\Models\PlaygroundUser\InstanceTest" classname="Tests.Unit.Playground.Test.Models.PlaygroundUser.InstanceTest" assertions="1" time="0.018769"/>
        <testcase name="test_factory_with_make" file="/app/tests/Unit/Models/PlaygroundUser/InstanceTest.php" line="228" class="Tests\Unit\Playground\Test\Models\PlaygroundUser\InstanceTest" classname="Tests.Unit.Playground.Test.Models.PlaygroundUser.InstanceTest" assertions="1" time="0.022466"/>
      </testsuite>
      <testsuite name="Tests\Unit\Playground\Test\Models\PlaygroundUser\ModelTest" file="/app/tests/Unit/Models/PlaygroundUser/ModelTest.php" tests="3" assertions="6" errors="0" failures="0" skipped="0" time="0.071961">
        <testcase name="test_model_instance" file="/app/src/Unit/Models/ModelCase.php" line="100" class="Tests\Unit\Playground\Test\Models\PlaygroundUser\ModelTest" classname="Tests.Unit.Playground.Test.Models.PlaygroundUser.ModelTest" assertions="1" time="0.017970"/>
        <testcase name="test_verify_model_relationships" file="/app/src/Unit/Models/ModelCase.php" line="261" class="Tests\Unit\Playground\Test\Models\PlaygroundUser\ModelTest" classname="Tests.Unit.Playground.Test.Models.PlaygroundUser.ModelTest" assertions="2" time="0.031851"/>
        <testcase name="test_model_factory_make" file="/app/src/Unit/Models/ModelCase.php" line="277" class="Tests\Unit\Playground\Test\Models\PlaygroundUser\ModelTest" classname="Tests.Unit.Playground.Test.Models.PlaygroundUser.ModelTest" assertions="3" time="0.022140"/>
      </testsuite>
      <testsuite name="Tests\Unit\Playground\Test\Models\User\ModelTest" file="/app/tests/Unit/Models/User/ModelTest.php" tests="2" assertions="3" errors="0" failures="0" skipped="0" time="0.039654">
        <testcase name="test_getAttributes" file="/app/tests/Unit/Models/User/ModelTest.php" line="22" class="Tests\Unit\Playground\Test\Models\User\ModelTest" classname="Tests.Unit.Playground.Test.Models.User.ModelTest" assertions="2" time="0.019529"/>
        <testcase name="test_factory_with_make" file="/app/tests/Unit/Models/User/ModelTest.php" line="43" class="Tests\Unit\Playground\Test\Models\User\ModelTest" classname="Tests.Unit.Playground.Test.Models.User.ModelTest" assertions="1" time="0.020125"/>
      </testsuite>
      <testsuite name="Tests\Unit\Playground\Test\Models\UserWithRoleAndPrivileges\ModelTest" file="/app/tests/Unit/Models/UserWithRoleAndPrivileges/ModelTest.php" tests="5" assertions="7" errors="0" failures="0" skipped="0" time="0.103392">
        <testcase name="test_getAttributes" file="/app/tests/Unit/Models/UserWithRoleAndPrivileges/ModelTest.php" line="22" class="Tests\Unit\Playground\Test\Models\UserWithRoleAndPrivileges\ModelTest" classname="Tests.Unit.Playground.Test.Models.UserWithRoleAndPrivileges.ModelTest" assertions="2" time="0.027506"/>
        <testcase name="test_hasPrivilege_is_false_without_privilege" file="/app/tests/Unit/Models/UserWithRoleAndPrivileges/ModelTest.php" line="46" class="Tests\Unit\Playground\Test\Models\UserWithRoleAndPrivileges\ModelTest" classname="Tests.Unit.Playground.Test.Models.UserWithRoleAndPrivileges.ModelTest" assertions="1" time="0.018696"/>
        <testcase name="test_hasPrivilege_is_false_with_wrong_privilege" file="/app/tests/Unit/Models/UserWithRoleAndPrivileges/ModelTest.php" line="60" class="Tests\Unit\Playground\Test\Models\UserWithRoleAndPrivileges\ModelTest" classname="Tests.Unit.Playground.Test.Models.UserWithRoleAndPrivileges.ModelTest" assertions="1" time="0.018512"/>
        <testcase name="test_hasPrivilege_is_true_with_correct_privilege" file="/app/tests/Unit/Models/UserWithRoleAndPrivileges/ModelTest.php" line="78" class="Tests\Unit\Playground\Test\Models\UserWithRoleAndPrivileges\ModelTest" classname="Tests.Unit.Playground.Test.Models.UserWithRoleAndPrivileges.ModelTest" assertions="2" time="0.018673"/>
        <testcase name="test_factory_with_make" file="/app/tests/Unit/Models/UserWithRoleAndPrivileges/ModelTest.php" line="99" class="Tests\Unit\Playground\Test\Models\UserWithRoleAndPrivileges\ModelTest" classname="Tests.Unit.Playground.Test.Models.UserWithRoleAndPrivileges.ModelTest" assertions="1" time="0.020004"/>
      </testsuite>
      <testsuite name="Tests\Unit\Playground\Test\Models\UserWithRoleAndRoles\ModelTest" file="/app/tests/Unit/Models/UserWithRoleAndRoles/ModelTest.php" tests="11" assertions="15" errors="0" failures="0" skipped="0" time="0.216004">
        <testcase name="test_getAttributes" file="/app/tests/Unit/Models/UserWithRoleAndRoles/ModelTest.php" line="24" class="Tests\Unit\Playground\Test\Models\UserWithRoleAndRoles\ModelTest" classname="Tests.Unit.Playground.Test.Models.UserWithRoleAndRoles.ModelTest" assertions="2" time="0.021635"/>
        <testcase name="test_hasRole_is_false_without_role" file="/app/tests/Unit/Models/UserWithRoleAndRoles/ModelTest.php" line="47" class="Tests\Unit\Playground\Test\Models\UserWithRoleAndRoles\ModelTest" classname="Tests.Unit.Playground.Test.Models.UserWithRoleAndRoles.ModelTest" assertions="1" time="0.018793"/>
        <testcase name="test_hasRole_is_true_with_matching_role" file="/app/tests/Unit/Models/UserWithRoleAndRoles/ModelTest.php" line="61" class="Tests\Unit\Playground\Test\Models\UserWithRoleAndRoles\ModelTest" classname="Tests.Unit.Playground.Test.Models.UserWithRoleAndRoles.ModelTest" assertions="1" time="0.018722"/>
        <testcase name="test_hasRole_is_true_with_matching_secondary_role" file="/app/tests/Unit/Models/UserWithRoleAndRoles/ModelTest.php" line="77" class="Tests\Unit\Playground\Test\Models\UserWithRoleAndRoles\ModelTest" classname="Tests.Unit.Playground.Test.Models.UserWithRoleAndRoles.ModelTest" assertions="4" time="0.021523"/>
        <testcase name="test_isAdmin_is_true_with_admin_role" file="/app/tests/Unit/Models/UserWithRoleAndRoles/ModelTest.php" line="100" class="Tests\Unit\Playground\Test\Models\UserWithRoleAndRoles\ModelTest" classname="Tests.Unit.Playground.Test.Models.UserWithRoleAndRoles.ModelTest" assertions="1" time="0.018852"/>
        <testcase name="test_isAdmin_is_true_with_admin_secondary_role" file="/app/tests/Unit/Models/UserWithRoleAndRoles/ModelTest.php" line="120" class="Tests\Unit\Playground\Test\Models\UserWithRoleAndRoles\ModelTest" classname="Tests.Unit.Playground.Test.Models.UserWithRoleAndRoles.ModelTest" assertions="1" time="0.018807"/>
        <testcase name="test_isAdmin_is_true_with_wheel_role" file="/app/tests/Unit/Models/UserWithRoleAndRoles/ModelTest.php" line="140" class="Tests\Unit\Playground\Test\Models\UserWithRoleAndRoles\ModelTest" classname="Tests.Unit.Playground.Test.Models.UserWithRoleAndRoles.ModelTest" assertions="1" time="0.018784"/>
        <testcase name="test_isAdmin_is_true_with_wheel_secondary_role" file="/app/tests/Unit/Models/UserWithRoleAndRoles/ModelTest.php" line="160" class="Tests\Unit\Playground\Test\Models\UserWithRoleAndRoles\ModelTest" classname="Tests.Unit.Playground.Test.Models.UserWithRoleAndRoles.ModelTest" assertions="1" time="0.021054"/>
        <testcase name="test_isAdmin_is_true_with_root_role" file="/app/tests/Unit/Models/UserWithRoleAndRoles/ModelTest.php" line="180" class="Tests\Unit\Playground\Test\Models\UserWithRoleAndRoles\ModelTest" classname="Tests.Unit.Playground.Test.Models.UserWithRoleAndRoles.ModelTest" assertions="1" time="0.018835"/>
        <testcase name="test_isAdmin_is_false_with_root_secondary_role" file="/app/tests/Unit/Models/UserWithRoleAndRoles/ModelTest.php" line="200" class="Tests\Unit\Playground\Test\Models\UserWithRoleAndRoles\ModelTest" classname="Tests.Unit.Playground.Test.Models.UserWithRoleAndRoles.ModelTest" assertions="1" time="0.018827"/>
        <testcase name="test_factory_with_make" file="/app/tests/Unit/Models/UserWithRoleAndRoles/ModelTest.php" line="220" class="Tests\Unit\Playground\Test\Models\UserWithRoleAndRoles\ModelTest" classname="Tests.Unit.Playground.Test.Models.UserWithRoleAndRoles.ModelTest" assertions="1" time="0.020171"/>
      </testsuite>
      <testsuite name="Tests\Unit\Playground\Test\Models\UserWithRoleAndRolesAndPrivileges\ModelTest" file="/app/tests/Unit/Models/UserWithRoleAndRolesAndPrivileges/ModelTest.php" tests="2" assertions="3" errors="0" failures="0" skipped="0" time="0.042142">
        <testcase name="test_getAttributes" file="/app/tests/Unit/Models/UserWithRoleAndRolesAndPrivileges/ModelTest.php" line="24" class="Tests\Unit\Playground\Test\Models\UserWithRoleAndRolesAndPrivileges\ModelTest" classname="Tests.Unit.Playground.Test.Models.UserWithRoleAndRolesAndPrivileges.ModelTest" assertions="2" time="0.021801"/>
        <testcase name="test_factory_with_make" file="/app/tests/Unit/Models/UserWithRoleAndRolesAndPrivileges/ModelTest.php" line="48" class="Tests\Unit\Playground\Test\Models\UserWithRoleAndRolesAndPrivileges\ModelTest" classname="Tests.Unit.Playground.Test.Models.UserWithRoleAndRolesAndPrivileges.ModelTest" assertions="1" time="0.020341"/>
      </testsuite>
      <testsuite name="Tests\Unit\Playground\Test\Models\UserWithSanctum\ModelTest" file="/app/tests/Unit/Models/UserWithSanctum/ModelTest.php" tests="2" assertions="3" errors="0" failures="0" skipped="0" time="0.041213">
        <testcase name="test_getAttributes" file="/app/tests/Unit/Models/UserWithSanctum/ModelTest.php" line="22" class="Tests\Unit\Playground\Test\Models\UserWithSanctum\ModelTest" classname="Tests.Unit.Playground.Test.Models.UserWithSanctum.ModelTest" assertions="2" time="0.021103"/>
        <testcase name="test_factory_with_make" file="/app/tests/Unit/Models/UserWithSanctum/ModelTest.php" line="43" class="Tests\Unit\Playground\Test\Models\UserWithSanctum\ModelTest" classname="Tests.Unit.Playground.Test.Models.UserWithSanctum.ModelTest" assertions="1" time="0.020110"/>
      </testsuite>
    </testsuite>
    <testsuite name="Feature" tests="1" assertions="2" errors="0" failures="0" skipped="0" time="0.119372">
      <testsuite name="Tests\Feature\Playground\Test\Console\Commands\About\CommandTest" file="/app/tests/Feature/Console/Commands/About/CommandTest.php" tests="1" assertions="2" errors="0" failures="0" skipped="0" time="0.119372">
        <testcase name="test_command_about_displays_package_information_and_succeed_with_code_0" file="/app/tests/Feature/Console/Commands/About/CommandTest.php" line="19" class="Tests\Feature\Playground\Test\Console\Commands\About\CommandTest" classname="Tests.Feature.Playground.Test.Console.Commands.About.CommandTest" assertions="2" time="0.119372"/>
      </testsuite>
    </testsuite>
  </testsuite>
</testsuites>
