<?xml version="1.0" encoding="UTF-8"?>
<testsuites>
  <testsuite name="" tests="37" assertions="56" errors="0" failures="0" skipped="0" time="0.493804">
    <testsuite name="Unit" tests="36" assertions="54" errors="0" failures="0" skipped="0" time="0.381948">
      <testsuite name="Tests\Unit\Playground\Test\Models\AbstractUser\ModelTest" file="/app/tests/Unit/Models/AbstractUser/ModelTest.php" tests="1" assertions="2" errors="0" failures="0" skipped="0" time="0.170148">
        <testcase name="test_getAttributes" file="/app/tests/Unit/Models/AbstractUser/ModelTest.php" line="18" class="Tests\Unit\Playground\Test\Models\AbstractUser\ModelTest" classname="Tests.Unit.Playground.Test.Models.AbstractUser.ModelTest" assertions="2" time="0.170148"/>
      </testsuite>
      <testsuite name="Tests\Unit\Playground\Test\Models\ModelCase\ModelTest" file="/app/tests/Unit/Models/ModelCase/ModelTest.php" tests="2" assertions="6" errors="0" failures="0" skipped="0" time="0.011723">
        <testcase name="test_model_instance" file="/app/src/Unit/Models/ModelCase.php" line="100" class="Tests\Unit\Playground\Test\Models\ModelCase\ModelTest" classname="Tests.Unit.Playground.Test.Models.ModelCase.ModelTest" assertions="1" time="0.007713"/>
        <testcase name="test_verify_model_relationships" file="/app/src/Unit/Models/ModelCase.php" line="261" class="Tests\Unit\Playground\Test\Models\ModelCase\ModelTest" classname="Tests.Unit.Playground.Test.Models.ModelCase.ModelTest" assertions="5" time="0.004009"/>
      </testsuite>
      <testsuite name="Tests\Unit\Playground\Test\Models\PlaygroundUser\ModelTest" file="/app/tests/Unit/Models/PlaygroundUser/ModelTest.php" tests="11" assertions="15" errors="0" failures="0" skipped="0" time="0.070439">
        <testcase name="test_getAttributes" file="/app/tests/Unit/Models/PlaygroundUser/ModelTest.php" line="22" class="Tests\Unit\Playground\Test\Models\PlaygroundUser\ModelTest" classname="Tests.Unit.Playground.Test.Models.PlaygroundUser.ModelTest" assertions="2" time="0.007243"/>
        <testcase name="test_hasRole_is_false_without_role" file="/app/tests/Unit/Models/PlaygroundUser/ModelTest.php" line="55" class="Tests\Unit\Playground\Test\Models\PlaygroundUser\ModelTest" classname="Tests.Unit.Playground.Test.Models.PlaygroundUser.ModelTest" assertions="1" time="0.004349"/>
        <testcase name="test_hasRole_is_true_with_matching_role" file="/app/tests/Unit/Models/PlaygroundUser/ModelTest.php" line="69" class="Tests\Unit\Playground\Test\Models\PlaygroundUser\ModelTest" classname="Tests.Unit.Playground.Test.Models.PlaygroundUser.ModelTest" assertions="1" time="0.004874"/>
        <testcase name="test_hasRole_is_true_with_matching_secondary_role" file="/app/tests/Unit/Models/PlaygroundUser/ModelTest.php" line="85" class="Tests\Unit\Playground\Test\Models\PlaygroundUser\ModelTest" classname="Tests.Unit.Playground.Test.Models.PlaygroundUser.ModelTest" assertions="4" time="0.005368"/>
        <testcase name="test_isAdmin_is_true_with_admin_role" file="/app/tests/Unit/Models/PlaygroundUser/ModelTest.php" line="108" class="Tests\Unit\Playground\Test\Models\PlaygroundUser\ModelTest" classname="Tests.Unit.Playground.Test.Models.PlaygroundUser.ModelTest" assertions="1" time="0.004645"/>
        <testcase name="test_isAdmin_is_true_with_admin_secondary_role" file="/app/tests/Unit/Models/PlaygroundUser/ModelTest.php" line="128" class="Tests\Unit\Playground\Test\Models\PlaygroundUser\ModelTest" classname="Tests.Unit.Playground.Test.Models.PlaygroundUser.ModelTest" assertions="1" time="0.004761"/>
        <testcase name="test_isAdmin_is_true_with_wheel_role" file="/app/tests/Unit/Models/PlaygroundUser/ModelTest.php" line="148" class="Tests\Unit\Playground\Test\Models\PlaygroundUser\ModelTest" classname="Tests.Unit.Playground.Test.Models.PlaygroundUser.ModelTest" assertions="1" time="0.004733"/>
        <testcase name="test_isAdmin_is_true_with_wheel_secondary_role" file="/app/tests/Unit/Models/PlaygroundUser/ModelTest.php" line="168" class="Tests\Unit\Playground\Test\Models\PlaygroundUser\ModelTest" classname="Tests.Unit.Playground.Test.Models.PlaygroundUser.ModelTest" assertions="1" time="0.004858"/>
        <testcase name="test_isAdmin_is_true_with_root_role" file="/app/tests/Unit/Models/PlaygroundUser/ModelTest.php" line="188" class="Tests\Unit\Playground\Test\Models\PlaygroundUser\ModelTest" classname="Tests.Unit.Playground.Test.Models.PlaygroundUser.ModelTest" assertions="1" time="0.005078"/>
        <testcase name="test_isAdmin_is_false_with_root_secondary_role" file="/app/tests/Unit/Models/PlaygroundUser/ModelTest.php" line="208" class="Tests\Unit\Playground\Test\Models\PlaygroundUser\ModelTest" classname="Tests.Unit.Playground.Test.Models.PlaygroundUser.ModelTest" assertions="1" time="0.005161"/>
        <testcase name="test_factory_with_make" file="/app/tests/Unit/Models/PlaygroundUser/ModelTest.php" line="228" class="Tests\Unit\Playground\Test\Models\PlaygroundUser\ModelTest" classname="Tests.Unit.Playground.Test.Models.PlaygroundUser.ModelTest" assertions="1" time="0.019370"/>
      </testsuite>
      <testsuite name="Tests\Unit\Playground\Test\Models\User\ModelTest" file="/app/tests/Unit/Models/User/ModelTest.php" tests="2" assertions="3" errors="0" failures="0" skipped="0" time="0.012284">
        <testcase name="test_getAttributes" file="/app/tests/Unit/Models/User/ModelTest.php" line="22" class="Tests\Unit\Playground\Test\Models\User\ModelTest" classname="Tests.Unit.Playground.Test.Models.User.ModelTest" assertions="2" time="0.004664"/>
        <testcase name="test_factory_with_make" file="/app/tests/Unit/Models/User/ModelTest.php" line="43" class="Tests\Unit\Playground\Test\Models\User\ModelTest" classname="Tests.Unit.Playground.Test.Models.User.ModelTest" assertions="1" time="0.007619"/>
      </testsuite>
      <testsuite name="Tests\Unit\Playground\Test\Models\UserWithRoleAndPrivileges\ModelTest" file="/app/tests/Unit/Models/UserWithRoleAndPrivileges/ModelTest.php" tests="5" assertions="7" errors="0" failures="0" skipped="0" time="0.033635">
        <testcase name="test_getAttributes" file="/app/tests/Unit/Models/UserWithRoleAndPrivileges/ModelTest.php" line="22" class="Tests\Unit\Playground\Test\Models\UserWithRoleAndPrivileges\ModelTest" classname="Tests.Unit.Playground.Test.Models.UserWithRoleAndPrivileges.ModelTest" assertions="2" time="0.013651"/>
        <testcase name="test_hasPrivilege_is_false_without_privilege" file="/app/tests/Unit/Models/UserWithRoleAndPrivileges/ModelTest.php" line="46" class="Tests\Unit\Playground\Test\Models\UserWithRoleAndPrivileges\ModelTest" classname="Tests.Unit.Playground.Test.Models.UserWithRoleAndPrivileges.ModelTest" assertions="1" time="0.004447"/>
        <testcase name="test_hasPrivilege_is_false_with_wrong_privilege" file="/app/tests/Unit/Models/UserWithRoleAndPrivileges/ModelTest.php" line="60" class="Tests\Unit\Playground\Test\Models\UserWithRoleAndPrivileges\ModelTest" classname="Tests.Unit.Playground.Test.Models.UserWithRoleAndPrivileges.ModelTest" assertions="1" time="0.004659"/>
        <testcase name="test_hasPrivilege_is_true_with_correct_privilege" file="/app/tests/Unit/Models/UserWithRoleAndPrivileges/ModelTest.php" line="78" class="Tests\Unit\Playground\Test\Models\UserWithRoleAndPrivileges\ModelTest" classname="Tests.Unit.Playground.Test.Models.UserWithRoleAndPrivileges.ModelTest" assertions="2" time="0.004704"/>
        <testcase name="test_factory_with_make" file="/app/tests/Unit/Models/UserWithRoleAndPrivileges/ModelTest.php" line="99" class="Tests\Unit\Playground\Test\Models\UserWithRoleAndPrivileges\ModelTest" classname="Tests.Unit.Playground.Test.Models.UserWithRoleAndPrivileges.ModelTest" assertions="1" time="0.006174"/>
      </testsuite>
      <testsuite name="Tests\Unit\Playground\Test\Models\UserWithRoleAndRoles\ModelTest" file="/app/tests/Unit/Models/UserWithRoleAndRoles/ModelTest.php" tests="11" assertions="15" errors="0" failures="0" skipped="0" time="0.057254">
        <testcase name="test_getAttributes" file="/app/tests/Unit/Models/UserWithRoleAndRoles/ModelTest.php" line="24" class="Tests\Unit\Playground\Test\Models\UserWithRoleAndRoles\ModelTest" classname="Tests.Unit.Playground.Test.Models.UserWithRoleAndRoles.ModelTest" assertions="2" time="0.007218"/>
        <testcase name="test_hasRole_is_false_without_role" file="/app/tests/Unit/Models/UserWithRoleAndRoles/ModelTest.php" line="47" class="Tests\Unit\Playground\Test\Models\UserWithRoleAndRoles\ModelTest" classname="Tests.Unit.Playground.Test.Models.UserWithRoleAndRoles.ModelTest" assertions="1" time="0.004544"/>
        <testcase name="test_hasRole_is_true_with_matching_role" file="/app/tests/Unit/Models/UserWithRoleAndRoles/ModelTest.php" line="61" class="Tests\Unit\Playground\Test\Models\UserWithRoleAndRoles\ModelTest" classname="Tests.Unit.Playground.Test.Models.UserWithRoleAndRoles.ModelTest" assertions="1" time="0.004694"/>
        <testcase name="test_hasRole_is_true_with_matching_secondary_role" file="/app/tests/Unit/Models/UserWithRoleAndRoles/ModelTest.php" line="77" class="Tests\Unit\Playground\Test\Models\UserWithRoleAndRoles\ModelTest" classname="Tests.Unit.Playground.Test.Models.UserWithRoleAndRoles.ModelTest" assertions="4" time="0.005021"/>
        <testcase name="test_isAdmin_is_true_with_admin_role" file="/app/tests/Unit/Models/UserWithRoleAndRoles/ModelTest.php" line="100" class="Tests\Unit\Playground\Test\Models\UserWithRoleAndRoles\ModelTest" classname="Tests.Unit.Playground.Test.Models.UserWithRoleAndRoles.ModelTest" assertions="1" time="0.004778"/>
        <testcase name="test_isAdmin_is_true_with_admin_secondary_role" file="/app/tests/Unit/Models/UserWithRoleAndRoles/ModelTest.php" line="120" class="Tests\Unit\Playground\Test\Models\UserWithRoleAndRoles\ModelTest" classname="Tests.Unit.Playground.Test.Models.UserWithRoleAndRoles.ModelTest" assertions="1" time="0.004792"/>
        <testcase name="test_isAdmin_is_true_with_wheel_role" file="/app/tests/Unit/Models/UserWithRoleAndRoles/ModelTest.php" line="140" class="Tests\Unit\Playground\Test\Models\UserWithRoleAndRoles\ModelTest" classname="Tests.Unit.Playground.Test.Models.UserWithRoleAndRoles.ModelTest" assertions="1" time="0.004769"/>
        <testcase name="test_isAdmin_is_true_with_wheel_secondary_role" file="/app/tests/Unit/Models/UserWithRoleAndRoles/ModelTest.php" line="160" class="Tests\Unit\Playground\Test\Models\UserWithRoleAndRoles\ModelTest" classname="Tests.Unit.Playground.Test.Models.UserWithRoleAndRoles.ModelTest" assertions="1" time="0.004804"/>
        <testcase name="test_isAdmin_is_true_with_root_role" file="/app/tests/Unit/Models/UserWithRoleAndRoles/ModelTest.php" line="180" class="Tests\Unit\Playground\Test\Models\UserWithRoleAndRoles\ModelTest" classname="Tests.Unit.Playground.Test.Models.UserWithRoleAndRoles.ModelTest" assertions="1" time="0.005213"/>
        <testcase name="test_isAdmin_is_false_with_root_secondary_role" file="/app/tests/Unit/Models/UserWithRoleAndRoles/ModelTest.php" line="200" class="Tests\Unit\Playground\Test\Models\UserWithRoleAndRoles\ModelTest" classname="Tests.Unit.Playground.Test.Models.UserWithRoleAndRoles.ModelTest" assertions="1" time="0.004969"/>
        <testcase name="test_factory_with_make" file="/app/tests/Unit/Models/UserWithRoleAndRoles/ModelTest.php" line="220" class="Tests\Unit\Playground\Test\Models\UserWithRoleAndRoles\ModelTest" classname="Tests.Unit.Playground.Test.Models.UserWithRoleAndRoles.ModelTest" assertions="1" time="0.006452"/>
      </testsuite>
      <testsuite name="Tests\Unit\Playground\Test\Models\UserWithRoleAndRolesAndPrivileges\ModelTest" file="/app/tests/Unit/Models/UserWithRoleAndRolesAndPrivileges/ModelTest.php" tests="2" assertions="3" errors="0" failures="0" skipped="0" time="0.013410">
        <testcase name="test_getAttributes" file="/app/tests/Unit/Models/UserWithRoleAndRolesAndPrivileges/ModelTest.php" line="24" class="Tests\Unit\Playground\Test\Models\UserWithRoleAndRolesAndPrivileges\ModelTest" classname="Tests.Unit.Playground.Test.Models.UserWithRoleAndRolesAndPrivileges.ModelTest" assertions="2" time="0.007127"/>
        <testcase name="test_factory_with_make" file="/app/tests/Unit/Models/UserWithRoleAndRolesAndPrivileges/ModelTest.php" line="48" class="Tests\Unit\Playground\Test\Models\UserWithRoleAndRolesAndPrivileges\ModelTest" classname="Tests.Unit.Playground.Test.Models.UserWithRoleAndRolesAndPrivileges.ModelTest" assertions="1" time="0.006284"/>
      </testsuite>
      <testsuite name="Tests\Unit\Playground\Test\Models\UserWithSanctum\ModelTest" file="/app/tests/Unit/Models/UserWithSanctum/ModelTest.php" tests="2" assertions="3" errors="0" failures="0" skipped="0" time="0.013056">
        <testcase name="test_getAttributes" file="/app/tests/Unit/Models/UserWithSanctum/ModelTest.php" line="22" class="Tests\Unit\Playground\Test\Models\UserWithSanctum\ModelTest" classname="Tests.Unit.Playground.Test.Models.UserWithSanctum.ModelTest" assertions="2" time="0.006781"/>
        <testcase name="test_factory_with_make" file="/app/tests/Unit/Models/UserWithSanctum/ModelTest.php" line="43" class="Tests\Unit\Playground\Test\Models\UserWithSanctum\ModelTest" classname="Tests.Unit.Playground.Test.Models.UserWithSanctum.ModelTest" assertions="1" time="0.006275"/>
      </testsuite>
    </testsuite>
    <testsuite name="Feature" tests="1" assertions="2" errors="0" failures="0" skipped="0" time="0.111855">
      <testsuite name="Tests\Feature\Playground\Test\Console\Commands\About\CommandTest" file="/app/tests/Feature/Console/Commands/About/CommandTest.php" tests="1" assertions="2" errors="0" failures="0" skipped="0" time="0.111855">
        <testcase name="test_command_about_displays_package_information_and_succeed_with_code_0" file="/app/tests/Feature/Console/Commands/About/CommandTest.php" line="19" class="Tests\Feature\Playground\Test\Console\Commands\About\CommandTest" classname="Tests.Feature.Playground.Test.Console.Commands.About.CommandTest" assertions="2" time="0.111855"/>
      </testsuite>
    </testsuite>
  </testsuite>
</testsuites>
