<?xml version="1.0" encoding="UTF-8"?>
<testsuites>
  <testsuite name="/app/phpunit.xml.dist" tests="22" assertions="37" errors="0" failures="0" skipped="0" time="0.265232">
    <testsuite name="Unit" tests="22" assertions="37" errors="0" failures="0" skipped="0" time="0.265232">
      <testsuite name="Tests\Unit\GammaMatrix\Playground\Test\Models\AbstractUser\ModelTest" file="/app/tests/Unit/Models/AbstractUser/ModelTest.php" tests="1" assertions="2" errors="0" failures="0" skipped="0" time="0.151853">
        <testcase name="test_getAttributes" file="/app/tests/Unit/Models/AbstractUser/ModelTest.php" line="46" class="Tests\Unit\GammaMatrix\Playground\Test\Models\AbstractUser\ModelTest" classname="Tests.Unit.GammaMatrix.Playground.Test.Models.AbstractUser.ModelTest" assertions="2" time="0.151853"/>
      </testsuite>
      <testsuite name="Tests\Unit\GammaMatrix\Playground\Test\Models\ModelCase\ModelTest" file="/app/tests/Unit/Models/ModelCase/ModelTest.php" tests="2" assertions="6" errors="0" failures="0" skipped="0" time="0.009467">
        <testcase name="test_model_instance" file="/app/src/Unit/Models/ModelCase.php" line="100" class="Tests\Unit\GammaMatrix\Playground\Test\Models\ModelCase\ModelTest" classname="Tests.Unit.GammaMatrix.Playground.Test.Models.ModelCase.ModelTest" assertions="1" time="0.005288"/>
        <testcase name="test_verify_model_relationships" file="/app/src/Unit/Models/ModelCase.php" line="268" class="Tests\Unit\GammaMatrix\Playground\Test\Models\ModelCase\ModelTest" classname="Tests.Unit.GammaMatrix.Playground.Test.Models.ModelCase.ModelTest" assertions="5" time="0.004179"/>
      </testsuite>
      <testsuite name="Tests\Unit\GammaMatrix\Playground\Test\Models\User\ModelTest" file="/app/tests/Unit/Models/User/ModelTest.php" tests="1" assertions="2" errors="0" failures="0" skipped="0" time="0.004372">
        <testcase name="test_getAttributes" file="/app/tests/Unit/Models/User/ModelTest.php" line="22" class="Tests\Unit\GammaMatrix\Playground\Test\Models\User\ModelTest" classname="Tests.Unit.GammaMatrix.Playground.Test.Models.User.ModelTest" assertions="2" time="0.004372"/>
      </testsuite>
      <testsuite name="Tests\Unit\GammaMatrix\Playground\Test\Models\UserWithChildren\ModelTest" file="/app/tests/Unit/Models/UserWithChildren/ModelTest.php" tests="2" assertions="3" errors="0" failures="0" skipped="0" time="0.018441">
        <testcase name="test_model_instance" file="/app/src/Unit/Models/ModelCase.php" line="100" class="Tests\Unit\GammaMatrix\Playground\Test\Models\UserWithChildren\ModelTest" classname="Tests.Unit.GammaMatrix.Playground.Test.Models.UserWithChildren.ModelTest" assertions="1" time="0.007749"/>
        <testcase name="test_verify_model_relationships" file="/app/src/Unit/Models/ModelCase.php" line="268" class="Tests\Unit\GammaMatrix\Playground\Test\Models\UserWithChildren\ModelTest" classname="Tests.Unit.GammaMatrix.Playground.Test.Models.UserWithChildren.ModelTest" assertions="2" time="0.010692"/>
      </testsuite>
      <testsuite name="Tests\Unit\GammaMatrix\Playground\Test\Models\UserWithRoleAndPrivileges\ModelTest" file="/app/tests/Unit/Models/UserWithRoleAndPrivileges/ModelTest.php" tests="4" assertions="6" errors="0" failures="0" skipped="0" time="0.024045">
        <testcase name="test_getAttributes" file="/app/tests/Unit/Models/UserWithRoleAndPrivileges/ModelTest.php" line="22" class="Tests\Unit\GammaMatrix\Playground\Test\Models\UserWithRoleAndPrivileges\ModelTest" classname="Tests.Unit.GammaMatrix.Playground.Test.Models.UserWithRoleAndPrivileges.ModelTest" assertions="2" time="0.012242"/>
        <testcase name="test_hasPrivilege_is_false_without_privilege" file="/app/tests/Unit/Models/UserWithRoleAndPrivileges/ModelTest.php" line="43" class="Tests\Unit\GammaMatrix\Playground\Test\Models\UserWithRoleAndPrivileges\ModelTest" classname="Tests.Unit.GammaMatrix.Playground.Test.Models.UserWithRoleAndPrivileges.ModelTest" assertions="1" time="0.003878"/>
        <testcase name="test_hasPrivilege_is_false_with_wrong_privilege" file="/app/tests/Unit/Models/UserWithRoleAndPrivileges/ModelTest.php" line="54" class="Tests\Unit\GammaMatrix\Playground\Test\Models\UserWithRoleAndPrivileges\ModelTest" classname="Tests.Unit.GammaMatrix.Playground.Test.Models.UserWithRoleAndPrivileges.ModelTest" assertions="1" time="0.003940"/>
        <testcase name="test_hasPrivilege_is_true_with_correct_privilege" file="/app/tests/Unit/Models/UserWithRoleAndPrivileges/ModelTest.php" line="69" class="Tests\Unit\GammaMatrix\Playground\Test\Models\UserWithRoleAndPrivileges\ModelTest" classname="Tests.Unit.GammaMatrix.Playground.Test.Models.UserWithRoleAndPrivileges.ModelTest" assertions="2" time="0.003985"/>
      </testsuite>
      <testsuite name="Tests\Unit\GammaMatrix\Playground\Test\Models\UserWithRoleAndRoles\ModelTest" file="/app/tests/Unit/Models/UserWithRoleAndRoles/ModelTest.php" tests="10" assertions="14" errors="0" failures="0" skipped="0" time="0.044524">
        <testcase name="test_getAttributes" file="/app/tests/Unit/Models/UserWithRoleAndRoles/ModelTest.php" line="22" class="Tests\Unit\GammaMatrix\Playground\Test\Models\UserWithRoleAndRoles\ModelTest" classname="Tests.Unit.GammaMatrix.Playground.Test.Models.UserWithRoleAndRoles.ModelTest" assertions="2" time="0.006312"/>
        <testcase name="test_hasRole_is_false_without_role" file="/app/tests/Unit/Models/UserWithRoleAndRoles/ModelTest.php" line="42" class="Tests\Unit\GammaMatrix\Playground\Test\Models\UserWithRoleAndRoles\ModelTest" classname="Tests.Unit.GammaMatrix.Playground.Test.Models.UserWithRoleAndRoles.ModelTest" assertions="1" time="0.003930"/>
        <testcase name="test_hasRole_is_true_with_matching_role" file="/app/tests/Unit/Models/UserWithRoleAndRoles/ModelTest.php" line="53" class="Tests\Unit\GammaMatrix\Playground\Test\Models\UserWithRoleAndRoles\ModelTest" classname="Tests.Unit.GammaMatrix.Playground.Test.Models.UserWithRoleAndRoles.ModelTest" assertions="1" time="0.004093"/>
        <testcase name="test_hasRole_is_true_with_matching_secondary_role" file="/app/tests/Unit/Models/UserWithRoleAndRoles/ModelTest.php" line="66" class="Tests\Unit\GammaMatrix\Playground\Test\Models\UserWithRoleAndRoles\ModelTest" classname="Tests.Unit.GammaMatrix.Playground.Test.Models.UserWithRoleAndRoles.ModelTest" assertions="4" time="0.005050"/>
        <testcase name="test_isAdmin_is_true_with_admin_role" file="/app/tests/Unit/Models/UserWithRoleAndRoles/ModelTest.php" line="86" class="Tests\Unit\GammaMatrix\Playground\Test\Models\UserWithRoleAndRoles\ModelTest" classname="Tests.Unit.GammaMatrix.Playground.Test.Models.UserWithRoleAndRoles.ModelTest" assertions="1" time="0.004098"/>
        <testcase name="test_isAdmin_is_true_with_admin_secondary_role" file="/app/tests/Unit/Models/UserWithRoleAndRoles/ModelTest.php" line="103" class="Tests\Unit\GammaMatrix\Playground\Test\Models\UserWithRoleAndRoles\ModelTest" classname="Tests.Unit.GammaMatrix.Playground.Test.Models.UserWithRoleAndRoles.ModelTest" assertions="1" time="0.004133"/>
        <testcase name="test_isAdmin_is_true_with_wheel_role" file="/app/tests/Unit/Models/UserWithRoleAndRoles/ModelTest.php" line="120" class="Tests\Unit\GammaMatrix\Playground\Test\Models\UserWithRoleAndRoles\ModelTest" classname="Tests.Unit.GammaMatrix.Playground.Test.Models.UserWithRoleAndRoles.ModelTest" assertions="1" time="0.004195"/>
        <testcase name="test_isAdmin_is_true_with_wheel_secondary_role" file="/app/tests/Unit/Models/UserWithRoleAndRoles/ModelTest.php" line="137" class="Tests\Unit\GammaMatrix\Playground\Test\Models\UserWithRoleAndRoles\ModelTest" classname="Tests.Unit.GammaMatrix.Playground.Test.Models.UserWithRoleAndRoles.ModelTest" assertions="1" time="0.004177"/>
        <testcase name="test_isAdmin_is_true_with_root_role" file="/app/tests/Unit/Models/UserWithRoleAndRoles/ModelTest.php" line="154" class="Tests\Unit\GammaMatrix\Playground\Test\Models\UserWithRoleAndRoles\ModelTest" classname="Tests.Unit.GammaMatrix.Playground.Test.Models.UserWithRoleAndRoles.ModelTest" assertions="1" time="0.004266"/>
        <testcase name="test_isAdmin_is_false_with_root_secondary_role" file="/app/tests/Unit/Models/UserWithRoleAndRoles/ModelTest.php" line="171" class="Tests\Unit\GammaMatrix\Playground\Test\Models\UserWithRoleAndRoles\ModelTest" classname="Tests.Unit.GammaMatrix.Playground.Test.Models.UserWithRoleAndRoles.ModelTest" assertions="1" time="0.004270"/>
      </testsuite>
      <testsuite name="Tests\Unit\GammaMatrix\Playground\Test\Models\UserWithRoleAndRolesAndPrivileges\ModelTest" file="/app/tests/Unit/Models/UserWithRoleAndRolesAndPrivileges/ModelTest.php" tests="1" assertions="2" errors="0" failures="0" skipped="0" time="0.006613">
        <testcase name="test_getAttributes" file="/app/tests/Unit/Models/UserWithRoleAndRolesAndPrivileges/ModelTest.php" line="22" class="Tests\Unit\GammaMatrix\Playground\Test\Models\UserWithRoleAndRolesAndPrivileges\ModelTest" classname="Tests.Unit.GammaMatrix.Playground.Test.Models.UserWithRoleAndRolesAndPrivileges.ModelTest" assertions="2" time="0.006613"/>
      </testsuite>
      <testsuite name="Tests\Unit\GammaMatrix\Playground\Test\Models\UserWithSanctum\ModelTest" file="/app/tests/Unit/Models/UserWithSanctum/ModelTest.php" tests="1" assertions="2" errors="0" failures="0" skipped="0" time="0.005916">
        <testcase name="test_getAttributes" file="/app/tests/Unit/Models/UserWithSanctum/ModelTest.php" line="22" class="Tests\Unit\GammaMatrix\Playground\Test\Models\UserWithSanctum\ModelTest" classname="Tests.Unit.GammaMatrix.Playground.Test.Models.UserWithSanctum.ModelTest" assertions="2" time="0.005916"/>
      </testsuite>
    </testsuite>
  </testsuite>
</testsuites>
