<?xml version="1.0" encoding="UTF-8"?>
<testsuites>
  <testsuite name="/app/phpunit.xml.dist" tests="41" assertions="65" errors="0" failures="0" skipped="0" time="1.178943">
    <testsuite name="Unit" tests="40" assertions="63" errors="0" failures="0" skipped="0" time="1.058750">
      <testsuite name="Tests\Unit\Playground\Test\Models\AbstractUser\ModelTest" file="/app/tests/Unit/Models/AbstractUser/ModelTest.php" tests="1" assertions="2" errors="0" failures="0" skipped="0" time="0.234982">
        <testcase name="test_getAttributes" file="/app/tests/Unit/Models/AbstractUser/ModelTest.php" line="18" class="Tests\Unit\Playground\Test\Models\AbstractUser\ModelTest" classname="Tests.Unit.Playground.Test.Models.AbstractUser.ModelTest" assertions="2" time="0.234982"/>
      </testsuite>
      <testsuite name="Tests\Unit\Playground\Test\Models\ModelCase\ModelTest" file="/app/tests/Unit/Models/ModelCase/ModelTest.php" tests="3" assertions="9" errors="0" failures="0" skipped="0" time="0.073160">
        <testcase name="test_model_instance" file="/app/src/Unit/Models/ModelCase.php" line="100" class="Tests\Unit\Playground\Test\Models\ModelCase\ModelTest" classname="Tests.Unit.Playground.Test.Models.ModelCase.ModelTest" assertions="1" time="0.022928"/>
        <testcase name="test_verify_model_relationships" file="/app/src/Unit/Models/ModelCase.php" line="261" class="Tests\Unit\Playground\Test\Models\ModelCase\ModelTest" classname="Tests.Unit.Playground.Test.Models.ModelCase.ModelTest" assertions="5" time="0.018288"/>
        <testcase name="test_model_factory_make" file="/app/src/Unit/Models/ModelCase.php" line="277" class="Tests\Unit\Playground\Test\Models\ModelCase\ModelTest" classname="Tests.Unit.Playground.Test.Models.ModelCase.ModelTest" assertions="3" time="0.031944"/>
      </testsuite>
      <testsuite name="Tests\Unit\Playground\Test\Models\PlaygroundUser\InstanceTest" file="/app/tests/Unit/Models/PlaygroundUser/InstanceTest.php" tests="11" assertions="15" errors="0" failures="0" skipped="0" time="0.219566">
        <testcase name="test_getAttributes" file="/app/tests/Unit/Models/PlaygroundUser/InstanceTest.php" line="22" class="Tests\Unit\Playground\Test\Models\PlaygroundUser\InstanceTest" classname="Tests.Unit.Playground.Test.Models.PlaygroundUser.InstanceTest" assertions="2" time="0.023711"/>
        <testcase name="test_hasRole_is_false_without_role" file="/app/tests/Unit/Models/PlaygroundUser/InstanceTest.php" line="55" class="Tests\Unit\Playground\Test\Models\PlaygroundUser\InstanceTest" classname="Tests.Unit.Playground.Test.Models.PlaygroundUser.InstanceTest" assertions="1" time="0.018576"/>
        <testcase name="test_hasRole_is_true_with_matching_role" file="/app/tests/Unit/Models/PlaygroundUser/InstanceTest.php" line="69" class="Tests\Unit\Playground\Test\Models\PlaygroundUser\InstanceTest" classname="Tests.Unit.Playground.Test.Models.PlaygroundUser.InstanceTest" assertions="1" time="0.018683"/>
        <testcase name="test_hasRole_is_true_with_matching_secondary_role" file="/app/tests/Unit/Models/PlaygroundUser/InstanceTest.php" line="85" class="Tests\Unit\Playground\Test\Models\PlaygroundUser\InstanceTest" classname="Tests.Unit.Playground.Test.Models.PlaygroundUser.InstanceTest" assertions="4" time="0.019539"/>
        <testcase name="test_isAdmin_is_true_with_admin_role" file="/app/tests/Unit/Models/PlaygroundUser/InstanceTest.php" line="108" class="Tests\Unit\Playground\Test\Models\PlaygroundUser\InstanceTest" classname="Tests.Unit.Playground.Test.Models.PlaygroundUser.InstanceTest" assertions="1" time="0.020934"/>
        <testcase name="test_isAdmin_is_true_with_admin_secondary_role" file="/app/tests/Unit/Models/PlaygroundUser/InstanceTest.php" line="128" class="Tests\Unit\Playground\Test\Models\PlaygroundUser\InstanceTest" classname="Tests.Unit.Playground.Test.Models.PlaygroundUser.InstanceTest" assertions="1" time="0.018726"/>
        <testcase name="test_isAdmin_is_true_with_wheel_role" file="/app/tests/Unit/Models/PlaygroundUser/InstanceTest.php" line="148" class="Tests\Unit\Playground\Test\Models\PlaygroundUser\InstanceTest" classname="Tests.Unit.Playground.Test.Models.PlaygroundUser.InstanceTest" assertions="1" time="0.018720"/>
        <testcase name="test_isAdmin_is_true_with_wheel_secondary_role" file="/app/tests/Unit/Models/PlaygroundUser/InstanceTest.php" line="168" class="Tests\Unit\Playground\Test\Models\PlaygroundUser\InstanceTest" classname="Tests.Unit.Playground.Test.Models.PlaygroundUser.InstanceTest" assertions="1" time="0.018908"/>
        <testcase name="test_isAdmin_is_true_with_root_role" file="/app/tests/Unit/Models/PlaygroundUser/InstanceTest.php" line="188" class="Tests\Unit\Playground\Test\Models\PlaygroundUser\InstanceTest" classname="Tests.Unit.Playground.Test.Models.PlaygroundUser.InstanceTest" assertions="1" time="0.020295"/>
        <testcase name="test_isAdmin_is_false_with_root_secondary_role" file="/app/tests/Unit/Models/PlaygroundUser/InstanceTest.php" line="208" class="Tests\Unit\Playground\Test\Models\PlaygroundUser\InstanceTest" classname="Tests.Unit.Playground.Test.Models.PlaygroundUser.InstanceTest" assertions="1" time="0.018897"/>
        <testcase name="test_factory_with_make" file="/app/tests/Unit/Models/PlaygroundUser/InstanceTest.php" line="228" class="Tests\Unit\Playground\Test\Models\PlaygroundUser\InstanceTest" classname="Tests.Unit.Playground.Test.Models.PlaygroundUser.InstanceTest" assertions="1" time="0.022576"/>
      </testsuite>
      <testsuite name="Tests\Unit\Playground\Test\Models\PlaygroundUser\ModelTest" file="/app/tests/Unit/Models/PlaygroundUser/ModelTest.php" tests="3" assertions="6" errors="0" failures="0" skipped="0" time="0.072066">
        <testcase name="test_model_instance" file="/app/src/Unit/Models/ModelCase.php" line="100" class="Tests\Unit\Playground\Test\Models\PlaygroundUser\ModelTest" classname="Tests.Unit.Playground.Test.Models.PlaygroundUser.ModelTest" assertions="1" time="0.018071"/>
        <testcase name="test_verify_model_relationships" file="/app/src/Unit/Models/ModelCase.php" line="261" class="Tests\Unit\Playground\Test\Models\PlaygroundUser\ModelTest" classname="Tests.Unit.Playground.Test.Models.PlaygroundUser.ModelTest" assertions="2" time="0.031892"/>
        <testcase name="test_model_factory_make" file="/app/src/Unit/Models/ModelCase.php" line="277" class="Tests\Unit\Playground\Test\Models\PlaygroundUser\ModelTest" classname="Tests.Unit.Playground.Test.Models.PlaygroundUser.ModelTest" assertions="3" time="0.022104"/>
      </testsuite>
      <testsuite name="Tests\Unit\Playground\Test\Models\User\ModelTest" file="/app/tests/Unit/Models/User/ModelTest.php" tests="2" assertions="3" errors="0" failures="0" skipped="0" time="0.039711">
        <testcase name="test_getAttributes" file="/app/tests/Unit/Models/User/ModelTest.php" line="22" class="Tests\Unit\Playground\Test\Models\User\ModelTest" classname="Tests.Unit.Playground.Test.Models.User.ModelTest" assertions="2" time="0.019464"/>
        <testcase name="test_factory_with_make" file="/app/tests/Unit/Models/User/ModelTest.php" line="43" class="Tests\Unit\Playground\Test\Models\User\ModelTest" classname="Tests.Unit.Playground.Test.Models.User.ModelTest" assertions="1" time="0.020247"/>
      </testsuite>
      <testsuite name="Tests\Unit\Playground\Test\Models\UserWithRoleAndPrivileges\ModelTest" file="/app/tests/Unit/Models/UserWithRoleAndPrivileges/ModelTest.php" tests="5" assertions="7" errors="0" failures="0" skipped="0" time="0.116474">
        <testcase name="test_getAttributes" file="/app/tests/Unit/Models/UserWithRoleAndPrivileges/ModelTest.php" line="22" class="Tests\Unit\Playground\Test\Models\UserWithRoleAndPrivileges\ModelTest" classname="Tests.Unit.Playground.Test.Models.UserWithRoleAndPrivileges.ModelTest" assertions="2" time="0.028161"/>
        <testcase name="test_hasPrivilege_is_false_without_privilege" file="/app/tests/Unit/Models/UserWithRoleAndPrivileges/ModelTest.php" line="46" class="Tests\Unit\Playground\Test\Models\UserWithRoleAndPrivileges\ModelTest" classname="Tests.Unit.Playground.Test.Models.UserWithRoleAndPrivileges.ModelTest" assertions="1" time="0.018680"/>
        <testcase name="test_hasPrivilege_is_false_with_wrong_privilege" file="/app/tests/Unit/Models/UserWithRoleAndPrivileges/ModelTest.php" line="60" class="Tests\Unit\Playground\Test\Models\UserWithRoleAndPrivileges\ModelTest" classname="Tests.Unit.Playground.Test.Models.UserWithRoleAndPrivileges.ModelTest" assertions="1" time="0.018477"/>
        <testcase name="test_hasPrivilege_is_true_with_correct_privilege" file="/app/tests/Unit/Models/UserWithRoleAndPrivileges/ModelTest.php" line="78" class="Tests\Unit\Playground\Test\Models\UserWithRoleAndPrivileges\ModelTest" classname="Tests.Unit.Playground.Test.Models.UserWithRoleAndPrivileges.ModelTest" assertions="2" time="0.018631"/>
        <testcase name="test_factory_with_make" file="/app/tests/Unit/Models/UserWithRoleAndPrivileges/ModelTest.php" line="99" class="Tests\Unit\Playground\Test\Models\UserWithRoleAndPrivileges\ModelTest" classname="Tests.Unit.Playground.Test.Models.UserWithRoleAndPrivileges.ModelTest" assertions="1" time="0.032525"/>
      </testsuite>
      <testsuite name="Tests\Unit\Playground\Test\Models\UserWithRoleAndRoles\ModelTest" file="/app/tests/Unit/Models/UserWithRoleAndRoles/ModelTest.php" tests="11" assertions="15" errors="0" failures="0" skipped="0" time="0.216206">
        <testcase name="test_getAttributes" file="/app/tests/Unit/Models/UserWithRoleAndRoles/ModelTest.php" line="24" class="Tests\Unit\Playground\Test\Models\UserWithRoleAndRoles\ModelTest" classname="Tests.Unit.Playground.Test.Models.UserWithRoleAndRoles.ModelTest" assertions="2" time="0.024108"/>
        <testcase name="test_hasRole_is_false_without_role" file="/app/tests/Unit/Models/UserWithRoleAndRoles/ModelTest.php" line="47" class="Tests\Unit\Playground\Test\Models\UserWithRoleAndRoles\ModelTest" classname="Tests.Unit.Playground.Test.Models.UserWithRoleAndRoles.ModelTest" assertions="1" time="0.019691"/>
        <testcase name="test_hasRole_is_true_with_matching_role" file="/app/tests/Unit/Models/UserWithRoleAndRoles/ModelTest.php" line="61" class="Tests\Unit\Playground\Test\Models\UserWithRoleAndRoles\ModelTest" classname="Tests.Unit.Playground.Test.Models.UserWithRoleAndRoles.ModelTest" assertions="1" time="0.019179"/>
        <testcase name="test_hasRole_is_true_with_matching_secondary_role" file="/app/tests/Unit/Models/UserWithRoleAndRoles/ModelTest.php" line="77" class="Tests\Unit\Playground\Test\Models\UserWithRoleAndRoles\ModelTest" classname="Tests.Unit.Playground.Test.Models.UserWithRoleAndRoles.ModelTest" assertions="4" time="0.019447"/>
        <testcase name="test_isAdmin_is_true_with_admin_role" file="/app/tests/Unit/Models/UserWithRoleAndRoles/ModelTest.php" line="100" class="Tests\Unit\Playground\Test\Models\UserWithRoleAndRoles\ModelTest" classname="Tests.Unit.Playground.Test.Models.UserWithRoleAndRoles.ModelTest" assertions="1" time="0.020103"/>
        <testcase name="test_isAdmin_is_true_with_admin_secondary_role" file="/app/tests/Unit/Models/UserWithRoleAndRoles/ModelTest.php" line="120" class="Tests\Unit\Playground\Test\Models\UserWithRoleAndRoles\ModelTest" classname="Tests.Unit.Playground.Test.Models.UserWithRoleAndRoles.ModelTest" assertions="1" time="0.018683"/>
        <testcase name="test_isAdmin_is_true_with_wheel_role" file="/app/tests/Unit/Models/UserWithRoleAndRoles/ModelTest.php" line="140" class="Tests\Unit\Playground\Test\Models\UserWithRoleAndRoles\ModelTest" classname="Tests.Unit.Playground.Test.Models.UserWithRoleAndRoles.ModelTest" assertions="1" time="0.018588"/>
        <testcase name="test_isAdmin_is_true_with_wheel_secondary_role" file="/app/tests/Unit/Models/UserWithRoleAndRoles/ModelTest.php" line="160" class="Tests\Unit\Playground\Test\Models\UserWithRoleAndRoles\ModelTest" classname="Tests.Unit.Playground.Test.Models.UserWithRoleAndRoles.ModelTest" assertions="1" time="0.018803"/>
        <testcase name="test_isAdmin_is_true_with_root_role" file="/app/tests/Unit/Models/UserWithRoleAndRoles/ModelTest.php" line="180" class="Tests\Unit\Playground\Test\Models\UserWithRoleAndRoles\ModelTest" classname="Tests.Unit.Playground.Test.Models.UserWithRoleAndRoles.ModelTest" assertions="1" time="0.018863"/>
        <testcase name="test_isAdmin_is_false_with_root_secondary_role" file="/app/tests/Unit/Models/UserWithRoleAndRoles/ModelTest.php" line="200" class="Tests\Unit\Playground\Test\Models\UserWithRoleAndRoles\ModelTest" classname="Tests.Unit.Playground.Test.Models.UserWithRoleAndRoles.ModelTest" assertions="1" time="0.018676"/>
        <testcase name="test_factory_with_make" file="/app/tests/Unit/Models/UserWithRoleAndRoles/ModelTest.php" line="220" class="Tests\Unit\Playground\Test\Models\UserWithRoleAndRoles\ModelTest" classname="Tests.Unit.Playground.Test.Models.UserWithRoleAndRoles.ModelTest" assertions="1" time="0.020065"/>
      </testsuite>
      <testsuite name="Tests\Unit\Playground\Test\Models\UserWithRoleAndRolesAndPrivileges\ModelTest" file="/app/tests/Unit/Models/UserWithRoleAndRolesAndPrivileges/ModelTest.php" tests="2" assertions="3" errors="0" failures="0" skipped="0" time="0.042819">
        <testcase name="test_getAttributes" file="/app/tests/Unit/Models/UserWithRoleAndRolesAndPrivileges/ModelTest.php" line="24" class="Tests\Unit\Playground\Test\Models\UserWithRoleAndRolesAndPrivileges\ModelTest" classname="Tests.Unit.Playground.Test.Models.UserWithRoleAndRolesAndPrivileges.ModelTest" assertions="2" time="0.022224"/>
        <testcase name="test_factory_with_make" file="/app/tests/Unit/Models/UserWithRoleAndRolesAndPrivileges/ModelTest.php" line="48" class="Tests\Unit\Playground\Test\Models\UserWithRoleAndRolesAndPrivileges\ModelTest" classname="Tests.Unit.Playground.Test.Models.UserWithRoleAndRolesAndPrivileges.ModelTest" assertions="1" time="0.020595"/>
      </testsuite>
      <testsuite name="Tests\Unit\Playground\Test\Models\UserWithSanctum\ModelTest" file="/app/tests/Unit/Models/UserWithSanctum/ModelTest.php" tests="2" assertions="3" errors="0" failures="0" skipped="0" time="0.043767">
        <testcase name="test_getAttributes" file="/app/tests/Unit/Models/UserWithSanctum/ModelTest.php" line="22" class="Tests\Unit\Playground\Test\Models\UserWithSanctum\ModelTest" classname="Tests.Unit.Playground.Test.Models.UserWithSanctum.ModelTest" assertions="2" time="0.022928"/>
        <testcase name="test_factory_with_make" file="/app/tests/Unit/Models/UserWithSanctum/ModelTest.php" line="43" class="Tests\Unit\Playground\Test\Models\UserWithSanctum\ModelTest" classname="Tests.Unit.Playground.Test.Models.UserWithSanctum.ModelTest" assertions="1" time="0.020839"/>
      </testsuite>
    </testsuite>
    <testsuite name="Feature" tests="1" assertions="2" errors="0" failures="0" skipped="0" time="0.120193">
      <testsuite name="Tests\Feature\Playground\Test\Console\Commands\About\CommandTest" file="/app/tests/Feature/Console/Commands/About/CommandTest.php" tests="1" assertions="2" errors="0" failures="0" skipped="0" time="0.120193">
        <testcase name="test_command_about_displays_package_information_and_succeed_with_code_0" file="/app/tests/Feature/Console/Commands/About/CommandTest.php" line="19" class="Tests\Feature\Playground\Test\Console\Commands\About\CommandTest" classname="Tests.Feature.Playground.Test.Console.Commands.About.CommandTest" assertions="2" time="0.120193"/>
      </testsuite>
    </testsuite>
  </testsuite>
</testsuites>
