<?xml version="1.0" encoding="UTF-8"?>
<testsuites>
  <testsuite name="/app/phpunit.xml.dist" tests="41" assertions="65" errors="0" failures="0" skipped="0" time="1.196493">
    <testsuite name="Unit" tests="40" assertions="63" errors="0" failures="0" skipped="0" time="1.074715">
      <testsuite name="Tests\Unit\Playground\Test\Models\AbstractUser\ModelTest" file="/app/tests/Unit/Models/AbstractUser/ModelTest.php" tests="1" assertions="2" errors="0" failures="0" skipped="0" time="0.234676">
        <testcase name="test_getAttributes" file="/app/tests/Unit/Models/AbstractUser/ModelTest.php" line="18" class="Tests\Unit\Playground\Test\Models\AbstractUser\ModelTest" classname="Tests.Unit.Playground.Test.Models.AbstractUser.ModelTest" assertions="2" time="0.234676"/>
      </testsuite>
      <testsuite name="Tests\Unit\Playground\Test\Models\ModelCase\ModelTest" file="/app/tests/Unit/Models/ModelCase/ModelTest.php" tests="3" assertions="9" errors="0" failures="0" skipped="0" time="0.074300">
        <testcase name="test_model_instance" file="/app/src/Unit/Models/ModelCase.php" line="100" class="Tests\Unit\Playground\Test\Models\ModelCase\ModelTest" classname="Tests.Unit.Playground.Test.Models.ModelCase.ModelTest" assertions="1" time="0.023187"/>
        <testcase name="test_verify_model_relationships" file="/app/src/Unit/Models/ModelCase.php" line="261" class="Tests\Unit\Playground\Test\Models\ModelCase\ModelTest" classname="Tests.Unit.Playground.Test.Models.ModelCase.ModelTest" assertions="5" time="0.018904"/>
        <testcase name="test_model_factory_make" file="/app/src/Unit/Models/ModelCase.php" line="277" class="Tests\Unit\Playground\Test\Models\ModelCase\ModelTest" classname="Tests.Unit.Playground.Test.Models.ModelCase.ModelTest" assertions="3" time="0.032209"/>
      </testsuite>
      <testsuite name="Tests\Unit\Playground\Test\Models\PlaygroundUser\InstanceTest" file="/app/tests/Unit/Models/PlaygroundUser/InstanceTest.php" tests="11" assertions="15" errors="0" failures="0" skipped="0" time="0.227585">
        <testcase name="test_getAttributes" file="/app/tests/Unit/Models/PlaygroundUser/InstanceTest.php" line="22" class="Tests\Unit\Playground\Test\Models\PlaygroundUser\InstanceTest" classname="Tests.Unit.Playground.Test.Models.PlaygroundUser.InstanceTest" assertions="2" time="0.026135"/>
        <testcase name="test_hasRole_is_false_without_role" file="/app/tests/Unit/Models/PlaygroundUser/InstanceTest.php" line="55" class="Tests\Unit\Playground\Test\Models\PlaygroundUser\InstanceTest" classname="Tests.Unit.Playground.Test.Models.PlaygroundUser.InstanceTest" assertions="1" time="0.020781"/>
        <testcase name="test_hasRole_is_true_with_matching_role" file="/app/tests/Unit/Models/PlaygroundUser/InstanceTest.php" line="69" class="Tests\Unit\Playground\Test\Models\PlaygroundUser\InstanceTest" classname="Tests.Unit.Playground.Test.Models.PlaygroundUser.InstanceTest" assertions="1" time="0.019950"/>
        <testcase name="test_hasRole_is_true_with_matching_secondary_role" file="/app/tests/Unit/Models/PlaygroundUser/InstanceTest.php" line="85" class="Tests\Unit\Playground\Test\Models\PlaygroundUser\InstanceTest" classname="Tests.Unit.Playground.Test.Models.PlaygroundUser.InstanceTest" assertions="4" time="0.020478"/>
        <testcase name="test_isAdmin_is_true_with_admin_role" file="/app/tests/Unit/Models/PlaygroundUser/InstanceTest.php" line="108" class="Tests\Unit\Playground\Test\Models\PlaygroundUser\InstanceTest" classname="Tests.Unit.Playground.Test.Models.PlaygroundUser.InstanceTest" assertions="1" time="0.020852"/>
        <testcase name="test_isAdmin_is_true_with_admin_secondary_role" file="/app/tests/Unit/Models/PlaygroundUser/InstanceTest.php" line="128" class="Tests\Unit\Playground\Test\Models\PlaygroundUser\InstanceTest" classname="Tests.Unit.Playground.Test.Models.PlaygroundUser.InstanceTest" assertions="1" time="0.019280"/>
        <testcase name="test_isAdmin_is_true_with_wheel_role" file="/app/tests/Unit/Models/PlaygroundUser/InstanceTest.php" line="148" class="Tests\Unit\Playground\Test\Models\PlaygroundUser\InstanceTest" classname="Tests.Unit.Playground.Test.Models.PlaygroundUser.InstanceTest" assertions="1" time="0.019240"/>
        <testcase name="test_isAdmin_is_true_with_wheel_secondary_role" file="/app/tests/Unit/Models/PlaygroundUser/InstanceTest.php" line="168" class="Tests\Unit\Playground\Test\Models\PlaygroundUser\InstanceTest" classname="Tests.Unit.Playground.Test.Models.PlaygroundUser.InstanceTest" assertions="1" time="0.019046"/>
        <testcase name="test_isAdmin_is_true_with_root_role" file="/app/tests/Unit/Models/PlaygroundUser/InstanceTest.php" line="188" class="Tests\Unit\Playground\Test\Models\PlaygroundUser\InstanceTest" classname="Tests.Unit.Playground.Test.Models.PlaygroundUser.InstanceTest" assertions="1" time="0.018877"/>
        <testcase name="test_isAdmin_is_false_with_root_secondary_role" file="/app/tests/Unit/Models/PlaygroundUser/InstanceTest.php" line="208" class="Tests\Unit\Playground\Test\Models\PlaygroundUser\InstanceTest" classname="Tests.Unit.Playground.Test.Models.PlaygroundUser.InstanceTest" assertions="1" time="0.019404"/>
        <testcase name="test_factory_with_make" file="/app/tests/Unit/Models/PlaygroundUser/InstanceTest.php" line="228" class="Tests\Unit\Playground\Test\Models\PlaygroundUser\InstanceTest" classname="Tests.Unit.Playground.Test.Models.PlaygroundUser.InstanceTest" assertions="1" time="0.023543"/>
      </testsuite>
      <testsuite name="Tests\Unit\Playground\Test\Models\PlaygroundUser\ModelTest" file="/app/tests/Unit/Models/PlaygroundUser/ModelTest.php" tests="3" assertions="6" errors="0" failures="0" skipped="0" time="0.074242">
        <testcase name="test_model_instance" file="/app/src/Unit/Models/ModelCase.php" line="100" class="Tests\Unit\Playground\Test\Models\PlaygroundUser\ModelTest" classname="Tests.Unit.Playground.Test.Models.PlaygroundUser.ModelTest" assertions="1" time="0.019456"/>
        <testcase name="test_verify_model_relationships" file="/app/src/Unit/Models/ModelCase.php" line="261" class="Tests\Unit\Playground\Test\Models\PlaygroundUser\ModelTest" classname="Tests.Unit.Playground.Test.Models.PlaygroundUser.ModelTest" assertions="2" time="0.032117"/>
        <testcase name="test_model_factory_make" file="/app/src/Unit/Models/ModelCase.php" line="277" class="Tests\Unit\Playground\Test\Models\PlaygroundUser\ModelTest" classname="Tests.Unit.Playground.Test.Models.PlaygroundUser.ModelTest" assertions="3" time="0.022669"/>
      </testsuite>
      <testsuite name="Tests\Unit\Playground\Test\Models\User\ModelTest" file="/app/tests/Unit/Models/User/ModelTest.php" tests="2" assertions="3" errors="0" failures="0" skipped="0" time="0.040003">
        <testcase name="test_getAttributes" file="/app/tests/Unit/Models/User/ModelTest.php" line="22" class="Tests\Unit\Playground\Test\Models\User\ModelTest" classname="Tests.Unit.Playground.Test.Models.User.ModelTest" assertions="2" time="0.019847"/>
        <testcase name="test_factory_with_make" file="/app/tests/Unit/Models/User/ModelTest.php" line="43" class="Tests\Unit\Playground\Test\Models\User\ModelTest" classname="Tests.Unit.Playground.Test.Models.User.ModelTest" assertions="1" time="0.020156"/>
      </testsuite>
      <testsuite name="Tests\Unit\Playground\Test\Models\UserWithRoleAndPrivileges\ModelTest" file="/app/tests/Unit/Models/UserWithRoleAndPrivileges/ModelTest.php" tests="5" assertions="7" errors="0" failures="0" skipped="0" time="0.110856">
        <testcase name="test_getAttributes" file="/app/tests/Unit/Models/UserWithRoleAndPrivileges/ModelTest.php" line="22" class="Tests\Unit\Playground\Test\Models\UserWithRoleAndPrivileges\ModelTest" classname="Tests.Unit.Playground.Test.Models.UserWithRoleAndPrivileges.ModelTest" assertions="2" time="0.030164"/>
        <testcase name="test_hasPrivilege_is_false_without_privilege" file="/app/tests/Unit/Models/UserWithRoleAndPrivileges/ModelTest.php" line="46" class="Tests\Unit\Playground\Test\Models\UserWithRoleAndPrivileges\ModelTest" classname="Tests.Unit.Playground.Test.Models.UserWithRoleAndPrivileges.ModelTest" assertions="1" time="0.020511"/>
        <testcase name="test_hasPrivilege_is_false_with_wrong_privilege" file="/app/tests/Unit/Models/UserWithRoleAndPrivileges/ModelTest.php" line="60" class="Tests\Unit\Playground\Test\Models\UserWithRoleAndPrivileges\ModelTest" classname="Tests.Unit.Playground.Test.Models.UserWithRoleAndPrivileges.ModelTest" assertions="1" time="0.019719"/>
        <testcase name="test_hasPrivilege_is_true_with_correct_privilege" file="/app/tests/Unit/Models/UserWithRoleAndPrivileges/ModelTest.php" line="78" class="Tests\Unit\Playground\Test\Models\UserWithRoleAndPrivileges\ModelTest" classname="Tests.Unit.Playground.Test.Models.UserWithRoleAndPrivileges.ModelTest" assertions="2" time="0.019614"/>
        <testcase name="test_factory_with_make" file="/app/tests/Unit/Models/UserWithRoleAndPrivileges/ModelTest.php" line="99" class="Tests\Unit\Playground\Test\Models\UserWithRoleAndPrivileges\ModelTest" classname="Tests.Unit.Playground.Test.Models.UserWithRoleAndPrivileges.ModelTest" assertions="1" time="0.020849"/>
      </testsuite>
      <testsuite name="Tests\Unit\Playground\Test\Models\UserWithRoleAndRoles\ModelTest" file="/app/tests/Unit/Models/UserWithRoleAndRoles/ModelTest.php" tests="11" assertions="15" errors="0" failures="0" skipped="0" time="0.227247">
        <testcase name="test_getAttributes" file="/app/tests/Unit/Models/UserWithRoleAndRoles/ModelTest.php" line="24" class="Tests\Unit\Playground\Test\Models\UserWithRoleAndRoles\ModelTest" classname="Tests.Unit.Playground.Test.Models.UserWithRoleAndRoles.ModelTest" assertions="2" time="0.023837"/>
        <testcase name="test_hasRole_is_false_without_role" file="/app/tests/Unit/Models/UserWithRoleAndRoles/ModelTest.php" line="47" class="Tests\Unit\Playground\Test\Models\UserWithRoleAndRoles\ModelTest" classname="Tests.Unit.Playground.Test.Models.UserWithRoleAndRoles.ModelTest" assertions="1" time="0.020362"/>
        <testcase name="test_hasRole_is_true_with_matching_role" file="/app/tests/Unit/Models/UserWithRoleAndRoles/ModelTest.php" line="61" class="Tests\Unit\Playground\Test\Models\UserWithRoleAndRoles\ModelTest" classname="Tests.Unit.Playground.Test.Models.UserWithRoleAndRoles.ModelTest" assertions="1" time="0.019551"/>
        <testcase name="test_hasRole_is_true_with_matching_secondary_role" file="/app/tests/Unit/Models/UserWithRoleAndRoles/ModelTest.php" line="77" class="Tests\Unit\Playground\Test\Models\UserWithRoleAndRoles\ModelTest" classname="Tests.Unit.Playground.Test.Models.UserWithRoleAndRoles.ModelTest" assertions="4" time="0.023308"/>
        <testcase name="test_isAdmin_is_true_with_admin_role" file="/app/tests/Unit/Models/UserWithRoleAndRoles/ModelTest.php" line="100" class="Tests\Unit\Playground\Test\Models\UserWithRoleAndRoles\ModelTest" classname="Tests.Unit.Playground.Test.Models.UserWithRoleAndRoles.ModelTest" assertions="1" time="0.020497"/>
        <testcase name="test_isAdmin_is_true_with_admin_secondary_role" file="/app/tests/Unit/Models/UserWithRoleAndRoles/ModelTest.php" line="120" class="Tests\Unit\Playground\Test\Models\UserWithRoleAndRoles\ModelTest" classname="Tests.Unit.Playground.Test.Models.UserWithRoleAndRoles.ModelTest" assertions="1" time="0.019888"/>
        <testcase name="test_isAdmin_is_true_with_wheel_role" file="/app/tests/Unit/Models/UserWithRoleAndRoles/ModelTest.php" line="140" class="Tests\Unit\Playground\Test\Models\UserWithRoleAndRoles\ModelTest" classname="Tests.Unit.Playground.Test.Models.UserWithRoleAndRoles.ModelTest" assertions="1" time="0.019665"/>
        <testcase name="test_isAdmin_is_true_with_wheel_secondary_role" file="/app/tests/Unit/Models/UserWithRoleAndRoles/ModelTest.php" line="160" class="Tests\Unit\Playground\Test\Models\UserWithRoleAndRoles\ModelTest" classname="Tests.Unit.Playground.Test.Models.UserWithRoleAndRoles.ModelTest" assertions="1" time="0.020934"/>
        <testcase name="test_isAdmin_is_true_with_root_role" file="/app/tests/Unit/Models/UserWithRoleAndRoles/ModelTest.php" line="180" class="Tests\Unit\Playground\Test\Models\UserWithRoleAndRoles\ModelTest" classname="Tests.Unit.Playground.Test.Models.UserWithRoleAndRoles.ModelTest" assertions="1" time="0.019180"/>
        <testcase name="test_isAdmin_is_false_with_root_secondary_role" file="/app/tests/Unit/Models/UserWithRoleAndRoles/ModelTest.php" line="200" class="Tests\Unit\Playground\Test\Models\UserWithRoleAndRoles\ModelTest" classname="Tests.Unit.Playground.Test.Models.UserWithRoleAndRoles.ModelTest" assertions="1" time="0.019120"/>
        <testcase name="test_factory_with_make" file="/app/tests/Unit/Models/UserWithRoleAndRoles/ModelTest.php" line="220" class="Tests\Unit\Playground\Test\Models\UserWithRoleAndRoles\ModelTest" classname="Tests.Unit.Playground.Test.Models.UserWithRoleAndRoles.ModelTest" assertions="1" time="0.020906"/>
      </testsuite>
      <testsuite name="Tests\Unit\Playground\Test\Models\UserWithRoleAndRolesAndPrivileges\ModelTest" file="/app/tests/Unit/Models/UserWithRoleAndRolesAndPrivileges/ModelTest.php" tests="2" assertions="3" errors="0" failures="0" skipped="0" time="0.043361">
        <testcase name="test_getAttributes" file="/app/tests/Unit/Models/UserWithRoleAndRolesAndPrivileges/ModelTest.php" line="24" class="Tests\Unit\Playground\Test\Models\UserWithRoleAndRolesAndPrivileges\ModelTest" classname="Tests.Unit.Playground.Test.Models.UserWithRoleAndRolesAndPrivileges.ModelTest" assertions="2" time="0.022642"/>
        <testcase name="test_factory_with_make" file="/app/tests/Unit/Models/UserWithRoleAndRolesAndPrivileges/ModelTest.php" line="48" class="Tests\Unit\Playground\Test\Models\UserWithRoleAndRolesAndPrivileges\ModelTest" classname="Tests.Unit.Playground.Test.Models.UserWithRoleAndRolesAndPrivileges.ModelTest" assertions="1" time="0.020719"/>
      </testsuite>
      <testsuite name="Tests\Unit\Playground\Test\Models\UserWithSanctum\ModelTest" file="/app/tests/Unit/Models/UserWithSanctum/ModelTest.php" tests="2" assertions="3" errors="0" failures="0" skipped="0" time="0.042445">
        <testcase name="test_getAttributes" file="/app/tests/Unit/Models/UserWithSanctum/ModelTest.php" line="22" class="Tests\Unit\Playground\Test\Models\UserWithSanctum\ModelTest" classname="Tests.Unit.Playground.Test.Models.UserWithSanctum.ModelTest" assertions="2" time="0.021655"/>
        <testcase name="test_factory_with_make" file="/app/tests/Unit/Models/UserWithSanctum/ModelTest.php" line="43" class="Tests\Unit\Playground\Test\Models\UserWithSanctum\ModelTest" classname="Tests.Unit.Playground.Test.Models.UserWithSanctum.ModelTest" assertions="1" time="0.020790"/>
      </testsuite>
    </testsuite>
    <testsuite name="Feature" tests="1" assertions="2" errors="0" failures="0" skipped="0" time="0.121778">
      <testsuite name="Tests\Feature\Playground\Test\Console\Commands\About\CommandTest" file="/app/tests/Feature/Console/Commands/About/CommandTest.php" tests="1" assertions="2" errors="0" failures="0" skipped="0" time="0.121778">
        <testcase name="test_command_about_displays_package_information_and_succeed_with_code_0" file="/app/tests/Feature/Console/Commands/About/CommandTest.php" line="19" class="Tests\Feature\Playground\Test\Console\Commands\About\CommandTest" classname="Tests.Feature.Playground.Test.Console.Commands.About.CommandTest" assertions="2" time="0.121778"/>
      </testsuite>
    </testsuite>
  </testsuite>
</testsuites>
