<?xml version="1.0" encoding="UTF-8"?>
<testsuites>
  <testsuite name="/app/phpunit.xml.dist" tests="22" assertions="37" errors="0" failures="0" skipped="0" time="0.262428">
    <testsuite name="Unit" tests="22" assertions="37" errors="0" failures="0" skipped="0" time="0.262428">
      <testsuite name="Tests\Unit\GammaMatrix\Playground\Test\Models\AbstractUser\ModelTest" file="/app/tests/Unit/Models/AbstractUser/ModelTest.php" tests="1" assertions="2" errors="0" failures="0" skipped="0" time="0.150480">
        <testcase name="test_getAttributes" file="/app/tests/Unit/Models/AbstractUser/ModelTest.php" line="46" class="Tests\Unit\GammaMatrix\Playground\Test\Models\AbstractUser\ModelTest" classname="Tests.Unit.GammaMatrix.Playground.Test.Models.AbstractUser.ModelTest" assertions="2" time="0.150480"/>
      </testsuite>
      <testsuite name="Tests\Unit\GammaMatrix\Playground\Test\Models\ModelCase\ModelTest" file="/app/tests/Unit/Models/ModelCase/ModelTest.php" tests="2" assertions="6" errors="0" failures="0" skipped="0" time="0.009252">
        <testcase name="test_model_instance" file="/app/src/Unit/Models/ModelCase.php" line="100" class="Tests\Unit\GammaMatrix\Playground\Test\Models\ModelCase\ModelTest" classname="Tests.Unit.GammaMatrix.Playground.Test.Models.ModelCase.ModelTest" assertions="1" time="0.005092"/>
        <testcase name="test_verify_model_relationships" file="/app/src/Unit/Models/ModelCase.php" line="268" class="Tests\Unit\GammaMatrix\Playground\Test\Models\ModelCase\ModelTest" classname="Tests.Unit.GammaMatrix.Playground.Test.Models.ModelCase.ModelTest" assertions="5" time="0.004160"/>
      </testsuite>
      <testsuite name="Tests\Unit\GammaMatrix\Playground\Test\Models\User\ModelTest" file="/app/tests/Unit/Models/User/ModelTest.php" tests="1" assertions="2" errors="0" failures="0" skipped="0" time="0.004255">
        <testcase name="test_getAttributes" file="/app/tests/Unit/Models/User/ModelTest.php" line="22" class="Tests\Unit\GammaMatrix\Playground\Test\Models\User\ModelTest" classname="Tests.Unit.GammaMatrix.Playground.Test.Models.User.ModelTest" assertions="2" time="0.004255"/>
      </testsuite>
      <testsuite name="Tests\Unit\GammaMatrix\Playground\Test\Models\UserWithChildren\ModelTest" file="/app/tests/Unit/Models/UserWithChildren/ModelTest.php" tests="2" assertions="3" errors="0" failures="0" skipped="0" time="0.017922">
        <testcase name="test_model_instance" file="/app/src/Unit/Models/ModelCase.php" line="100" class="Tests\Unit\GammaMatrix\Playground\Test\Models\UserWithChildren\ModelTest" classname="Tests.Unit.GammaMatrix.Playground.Test.Models.UserWithChildren.ModelTest" assertions="1" time="0.007536"/>
        <testcase name="test_verify_model_relationships" file="/app/src/Unit/Models/ModelCase.php" line="268" class="Tests\Unit\GammaMatrix\Playground\Test\Models\UserWithChildren\ModelTest" classname="Tests.Unit.GammaMatrix.Playground.Test.Models.UserWithChildren.ModelTest" assertions="2" time="0.010386"/>
      </testsuite>
      <testsuite name="Tests\Unit\GammaMatrix\Playground\Test\Models\UserWithRoleAndPrivileges\ModelTest" file="/app/tests/Unit/Models/UserWithRoleAndPrivileges/ModelTest.php" tests="4" assertions="6" errors="0" failures="0" skipped="0" time="0.023525">
        <testcase name="test_getAttributes" file="/app/tests/Unit/Models/UserWithRoleAndPrivileges/ModelTest.php" line="22" class="Tests\Unit\GammaMatrix\Playground\Test\Models\UserWithRoleAndPrivileges\ModelTest" classname="Tests.Unit.GammaMatrix.Playground.Test.Models.UserWithRoleAndPrivileges.ModelTest" assertions="2" time="0.011841"/>
        <testcase name="test_hasPrivilege_is_false_without_privilege" file="/app/tests/Unit/Models/UserWithRoleAndPrivileges/ModelTest.php" line="43" class="Tests\Unit\GammaMatrix\Playground\Test\Models\UserWithRoleAndPrivileges\ModelTest" classname="Tests.Unit.GammaMatrix.Playground.Test.Models.UserWithRoleAndPrivileges.ModelTest" assertions="1" time="0.003807"/>
        <testcase name="test_hasPrivilege_is_false_with_wrong_privilege" file="/app/tests/Unit/Models/UserWithRoleAndPrivileges/ModelTest.php" line="54" class="Tests\Unit\GammaMatrix\Playground\Test\Models\UserWithRoleAndPrivileges\ModelTest" classname="Tests.Unit.GammaMatrix.Playground.Test.Models.UserWithRoleAndPrivileges.ModelTest" assertions="1" time="0.003869"/>
        <testcase name="test_hasPrivilege_is_true_with_correct_privilege" file="/app/tests/Unit/Models/UserWithRoleAndPrivileges/ModelTest.php" line="69" class="Tests\Unit\GammaMatrix\Playground\Test\Models\UserWithRoleAndPrivileges\ModelTest" classname="Tests.Unit.GammaMatrix.Playground.Test.Models.UserWithRoleAndPrivileges.ModelTest" assertions="2" time="0.004008"/>
      </testsuite>
      <testsuite name="Tests\Unit\GammaMatrix\Playground\Test\Models\UserWithRoleAndRoles\ModelTest" file="/app/tests/Unit/Models/UserWithRoleAndRoles/ModelTest.php" tests="10" assertions="14" errors="0" failures="0" skipped="0" time="0.044512">
        <testcase name="test_getAttributes" file="/app/tests/Unit/Models/UserWithRoleAndRoles/ModelTest.php" line="22" class="Tests\Unit\GammaMatrix\Playground\Test\Models\UserWithRoleAndRoles\ModelTest" classname="Tests.Unit.GammaMatrix.Playground.Test.Models.UserWithRoleAndRoles.ModelTest" assertions="2" time="0.006260"/>
        <testcase name="test_hasRole_is_false_without_role" file="/app/tests/Unit/Models/UserWithRoleAndRoles/ModelTest.php" line="42" class="Tests\Unit\GammaMatrix\Playground\Test\Models\UserWithRoleAndRoles\ModelTest" classname="Tests.Unit.GammaMatrix.Playground.Test.Models.UserWithRoleAndRoles.ModelTest" assertions="1" time="0.003909"/>
        <testcase name="test_hasRole_is_true_with_matching_role" file="/app/tests/Unit/Models/UserWithRoleAndRoles/ModelTest.php" line="53" class="Tests\Unit\GammaMatrix\Playground\Test\Models\UserWithRoleAndRoles\ModelTest" classname="Tests.Unit.GammaMatrix.Playground.Test.Models.UserWithRoleAndRoles.ModelTest" assertions="1" time="0.004083"/>
        <testcase name="test_hasRole_is_true_with_matching_secondary_role" file="/app/tests/Unit/Models/UserWithRoleAndRoles/ModelTest.php" line="66" class="Tests\Unit\GammaMatrix\Playground\Test\Models\UserWithRoleAndRoles\ModelTest" classname="Tests.Unit.GammaMatrix.Playground.Test.Models.UserWithRoleAndRoles.ModelTest" assertions="4" time="0.005080"/>
        <testcase name="test_isAdmin_is_true_with_admin_role" file="/app/tests/Unit/Models/UserWithRoleAndRoles/ModelTest.php" line="86" class="Tests\Unit\GammaMatrix\Playground\Test\Models\UserWithRoleAndRoles\ModelTest" classname="Tests.Unit.GammaMatrix.Playground.Test.Models.UserWithRoleAndRoles.ModelTest" assertions="1" time="0.004043"/>
        <testcase name="test_isAdmin_is_true_with_admin_secondary_role" file="/app/tests/Unit/Models/UserWithRoleAndRoles/ModelTest.php" line="103" class="Tests\Unit\GammaMatrix\Playground\Test\Models\UserWithRoleAndRoles\ModelTest" classname="Tests.Unit.GammaMatrix.Playground.Test.Models.UserWithRoleAndRoles.ModelTest" assertions="1" time="0.004129"/>
        <testcase name="test_isAdmin_is_true_with_wheel_role" file="/app/tests/Unit/Models/UserWithRoleAndRoles/ModelTest.php" line="120" class="Tests\Unit\GammaMatrix\Playground\Test\Models\UserWithRoleAndRoles\ModelTest" classname="Tests.Unit.GammaMatrix.Playground.Test.Models.UserWithRoleAndRoles.ModelTest" assertions="1" time="0.004194"/>
        <testcase name="test_isAdmin_is_true_with_wheel_secondary_role" file="/app/tests/Unit/Models/UserWithRoleAndRoles/ModelTest.php" line="137" class="Tests\Unit\GammaMatrix\Playground\Test\Models\UserWithRoleAndRoles\ModelTest" classname="Tests.Unit.GammaMatrix.Playground.Test.Models.UserWithRoleAndRoles.ModelTest" assertions="1" time="0.004207"/>
        <testcase name="test_isAdmin_is_true_with_root_role" file="/app/tests/Unit/Models/UserWithRoleAndRoles/ModelTest.php" line="154" class="Tests\Unit\GammaMatrix\Playground\Test\Models\UserWithRoleAndRoles\ModelTest" classname="Tests.Unit.GammaMatrix.Playground.Test.Models.UserWithRoleAndRoles.ModelTest" assertions="1" time="0.004325"/>
        <testcase name="test_isAdmin_is_false_with_root_secondary_role" file="/app/tests/Unit/Models/UserWithRoleAndRoles/ModelTest.php" line="171" class="Tests\Unit\GammaMatrix\Playground\Test\Models\UserWithRoleAndRoles\ModelTest" classname="Tests.Unit.GammaMatrix.Playground.Test.Models.UserWithRoleAndRoles.ModelTest" assertions="1" time="0.004281"/>
      </testsuite>
      <testsuite name="Tests\Unit\GammaMatrix\Playground\Test\Models\UserWithRoleAndRolesAndPrivileges\ModelTest" file="/app/tests/Unit/Models/UserWithRoleAndRolesAndPrivileges/ModelTest.php" tests="1" assertions="2" errors="0" failures="0" skipped="0" time="0.006554">
        <testcase name="test_getAttributes" file="/app/tests/Unit/Models/UserWithRoleAndRolesAndPrivileges/ModelTest.php" line="22" class="Tests\Unit\GammaMatrix\Playground\Test\Models\UserWithRoleAndRolesAndPrivileges\ModelTest" classname="Tests.Unit.GammaMatrix.Playground.Test.Models.UserWithRoleAndRolesAndPrivileges.ModelTest" assertions="2" time="0.006554"/>
      </testsuite>
      <testsuite name="Tests\Unit\GammaMatrix\Playground\Test\Models\UserWithSanctum\ModelTest" file="/app/tests/Unit/Models/UserWithSanctum/ModelTest.php" tests="1" assertions="2" errors="0" failures="0" skipped="0" time="0.005929">
        <testcase name="test_getAttributes" file="/app/tests/Unit/Models/UserWithSanctum/ModelTest.php" line="22" class="Tests\Unit\GammaMatrix\Playground\Test\Models\UserWithSanctum\ModelTest" classname="Tests.Unit.GammaMatrix.Playground.Test.Models.UserWithSanctum.ModelTest" assertions="2" time="0.005929"/>
      </testsuite>
    </testsuite>
  </testsuite>
</testsuites>
