<?xml version="1.0" encoding="UTF-8"?>
<testsuites>
  <testsuite name="/app/phpunit.xml.dist" tests="22" assertions="37" errors="0" failures="0" skipped="0" time="0.294543">
    <testsuite name="Unit" tests="22" assertions="37" errors="0" failures="0" skipped="0" time="0.294543">
      <testsuite name="Tests\Unit\GammaMatrix\Playground\Test\Models\AbstractUser\ModelTest" file="/app/tests/Unit/Models/AbstractUser/ModelTest.php" tests="1" assertions="2" errors="0" failures="0" skipped="0" time="0.166957">
        <testcase name="test_getAttributes" file="/app/tests/Unit/Models/AbstractUser/ModelTest.php" line="46" class="Tests\Unit\GammaMatrix\Playground\Test\Models\AbstractUser\ModelTest" classname="Tests.Unit.GammaMatrix.Playground.Test.Models.AbstractUser.ModelTest" assertions="2" time="0.166957"/>
      </testsuite>
      <testsuite name="Tests\Unit\GammaMatrix\Playground\Test\Models\ModelCase\ModelTest" file="/app/tests/Unit/Models/ModelCase/ModelTest.php" tests="2" assertions="6" errors="0" failures="0" skipped="0" time="0.010372">
        <testcase name="test_model_instance" file="/app/src/Unit/Models/ModelCase.php" line="100" class="Tests\Unit\GammaMatrix\Playground\Test\Models\ModelCase\ModelTest" classname="Tests.Unit.GammaMatrix.Playground.Test.Models.ModelCase.ModelTest" assertions="1" time="0.005778"/>
        <testcase name="test_verify_model_relationships" file="/app/src/Unit/Models/ModelCase.php" line="268" class="Tests\Unit\GammaMatrix\Playground\Test\Models\ModelCase\ModelTest" classname="Tests.Unit.GammaMatrix.Playground.Test.Models.ModelCase.ModelTest" assertions="5" time="0.004594"/>
      </testsuite>
      <testsuite name="Tests\Unit\GammaMatrix\Playground\Test\Models\User\ModelTest" file="/app/tests/Unit/Models/User/ModelTest.php" tests="1" assertions="2" errors="0" failures="0" skipped="0" time="0.004883">
        <testcase name="test_getAttributes" file="/app/tests/Unit/Models/User/ModelTest.php" line="22" class="Tests\Unit\GammaMatrix\Playground\Test\Models\User\ModelTest" classname="Tests.Unit.GammaMatrix.Playground.Test.Models.User.ModelTest" assertions="2" time="0.004883"/>
      </testsuite>
      <testsuite name="Tests\Unit\GammaMatrix\Playground\Test\Models\UserWithChildren\ModelTest" file="/app/tests/Unit/Models/UserWithChildren/ModelTest.php" tests="2" assertions="3" errors="0" failures="0" skipped="0" time="0.020496">
        <testcase name="test_model_instance" file="/app/src/Unit/Models/ModelCase.php" line="100" class="Tests\Unit\GammaMatrix\Playground\Test\Models\UserWithChildren\ModelTest" classname="Tests.Unit.GammaMatrix.Playground.Test.Models.UserWithChildren.ModelTest" assertions="1" time="0.008816"/>
        <testcase name="test_verify_model_relationships" file="/app/src/Unit/Models/ModelCase.php" line="268" class="Tests\Unit\GammaMatrix\Playground\Test\Models\UserWithChildren\ModelTest" classname="Tests.Unit.GammaMatrix.Playground.Test.Models.UserWithChildren.ModelTest" assertions="2" time="0.011680"/>
      </testsuite>
      <testsuite name="Tests\Unit\GammaMatrix\Playground\Test\Models\UserWithRoleAndPrivileges\ModelTest" file="/app/tests/Unit/Models/UserWithRoleAndPrivileges/ModelTest.php" tests="4" assertions="6" errors="0" failures="0" skipped="0" time="0.028141">
        <testcase name="test_getAttributes" file="/app/tests/Unit/Models/UserWithRoleAndPrivileges/ModelTest.php" line="22" class="Tests\Unit\GammaMatrix\Playground\Test\Models\UserWithRoleAndPrivileges\ModelTest" classname="Tests.Unit.GammaMatrix.Playground.Test.Models.UserWithRoleAndPrivileges.ModelTest" assertions="2" time="0.014029"/>
        <testcase name="test_hasPrivilege_is_false_without_privilege" file="/app/tests/Unit/Models/UserWithRoleAndPrivileges/ModelTest.php" line="43" class="Tests\Unit\GammaMatrix\Playground\Test\Models\UserWithRoleAndPrivileges\ModelTest" classname="Tests.Unit.GammaMatrix.Playground.Test.Models.UserWithRoleAndPrivileges.ModelTest" assertions="1" time="0.004533"/>
        <testcase name="test_hasPrivilege_is_false_with_wrong_privilege" file="/app/tests/Unit/Models/UserWithRoleAndPrivileges/ModelTest.php" line="54" class="Tests\Unit\GammaMatrix\Playground\Test\Models\UserWithRoleAndPrivileges\ModelTest" classname="Tests.Unit.GammaMatrix.Playground.Test.Models.UserWithRoleAndPrivileges.ModelTest" assertions="1" time="0.004861"/>
        <testcase name="test_hasPrivilege_is_true_with_correct_privilege" file="/app/tests/Unit/Models/UserWithRoleAndPrivileges/ModelTest.php" line="69" class="Tests\Unit\GammaMatrix\Playground\Test\Models\UserWithRoleAndPrivileges\ModelTest" classname="Tests.Unit.GammaMatrix.Playground.Test.Models.UserWithRoleAndPrivileges.ModelTest" assertions="2" time="0.004718"/>
      </testsuite>
      <testsuite name="Tests\Unit\GammaMatrix\Playground\Test\Models\UserWithRoleAndRoles\ModelTest" file="/app/tests/Unit/Models/UserWithRoleAndRoles/ModelTest.php" tests="10" assertions="14" errors="0" failures="0" skipped="0" time="0.049661">
        <testcase name="test_getAttributes" file="/app/tests/Unit/Models/UserWithRoleAndRoles/ModelTest.php" line="22" class="Tests\Unit\GammaMatrix\Playground\Test\Models\UserWithRoleAndRoles\ModelTest" classname="Tests.Unit.GammaMatrix.Playground.Test.Models.UserWithRoleAndRoles.ModelTest" assertions="2" time="0.007283"/>
        <testcase name="test_hasRole_is_false_without_role" file="/app/tests/Unit/Models/UserWithRoleAndRoles/ModelTest.php" line="42" class="Tests\Unit\GammaMatrix\Playground\Test\Models\UserWithRoleAndRoles\ModelTest" classname="Tests.Unit.GammaMatrix.Playground.Test.Models.UserWithRoleAndRoles.ModelTest" assertions="1" time="0.004302"/>
        <testcase name="test_hasRole_is_true_with_matching_role" file="/app/tests/Unit/Models/UserWithRoleAndRoles/ModelTest.php" line="53" class="Tests\Unit\GammaMatrix\Playground\Test\Models\UserWithRoleAndRoles\ModelTest" classname="Tests.Unit.GammaMatrix.Playground.Test.Models.UserWithRoleAndRoles.ModelTest" assertions="1" time="0.004564"/>
        <testcase name="test_hasRole_is_true_with_matching_secondary_role" file="/app/tests/Unit/Models/UserWithRoleAndRoles/ModelTest.php" line="66" class="Tests\Unit\GammaMatrix\Playground\Test\Models\UserWithRoleAndRoles\ModelTest" classname="Tests.Unit.GammaMatrix.Playground.Test.Models.UserWithRoleAndRoles.ModelTest" assertions="4" time="0.005592"/>
        <testcase name="test_isAdmin_is_true_with_admin_role" file="/app/tests/Unit/Models/UserWithRoleAndRoles/ModelTest.php" line="86" class="Tests\Unit\GammaMatrix\Playground\Test\Models\UserWithRoleAndRoles\ModelTest" classname="Tests.Unit.GammaMatrix.Playground.Test.Models.UserWithRoleAndRoles.ModelTest" assertions="1" time="0.004501"/>
        <testcase name="test_isAdmin_is_true_with_admin_secondary_role" file="/app/tests/Unit/Models/UserWithRoleAndRoles/ModelTest.php" line="103" class="Tests\Unit\GammaMatrix\Playground\Test\Models\UserWithRoleAndRoles\ModelTest" classname="Tests.Unit.GammaMatrix.Playground.Test.Models.UserWithRoleAndRoles.ModelTest" assertions="1" time="0.004704"/>
        <testcase name="test_isAdmin_is_true_with_wheel_role" file="/app/tests/Unit/Models/UserWithRoleAndRoles/ModelTest.php" line="120" class="Tests\Unit\GammaMatrix\Playground\Test\Models\UserWithRoleAndRoles\ModelTest" classname="Tests.Unit.GammaMatrix.Playground.Test.Models.UserWithRoleAndRoles.ModelTest" assertions="1" time="0.004510"/>
        <testcase name="test_isAdmin_is_true_with_wheel_secondary_role" file="/app/tests/Unit/Models/UserWithRoleAndRoles/ModelTest.php" line="137" class="Tests\Unit\GammaMatrix\Playground\Test\Models\UserWithRoleAndRoles\ModelTest" classname="Tests.Unit.GammaMatrix.Playground.Test.Models.UserWithRoleAndRoles.ModelTest" assertions="1" time="0.004850"/>
        <testcase name="test_isAdmin_is_true_with_root_role" file="/app/tests/Unit/Models/UserWithRoleAndRoles/ModelTest.php" line="154" class="Tests\Unit\GammaMatrix\Playground\Test\Models\UserWithRoleAndRoles\ModelTest" classname="Tests.Unit.GammaMatrix.Playground.Test.Models.UserWithRoleAndRoles.ModelTest" assertions="1" time="0.004590"/>
        <testcase name="test_isAdmin_is_false_with_root_secondary_role" file="/app/tests/Unit/Models/UserWithRoleAndRoles/ModelTest.php" line="171" class="Tests\Unit\GammaMatrix\Playground\Test\Models\UserWithRoleAndRoles\ModelTest" classname="Tests.Unit.GammaMatrix.Playground.Test.Models.UserWithRoleAndRoles.ModelTest" assertions="1" time="0.004764"/>
      </testsuite>
      <testsuite name="Tests\Unit\GammaMatrix\Playground\Test\Models\UserWithRoleAndRolesAndPrivileges\ModelTest" file="/app/tests/Unit/Models/UserWithRoleAndRolesAndPrivileges/ModelTest.php" tests="1" assertions="2" errors="0" failures="0" skipped="0" time="0.007319">
        <testcase name="test_getAttributes" file="/app/tests/Unit/Models/UserWithRoleAndRolesAndPrivileges/ModelTest.php" line="22" class="Tests\Unit\GammaMatrix\Playground\Test\Models\UserWithRoleAndRolesAndPrivileges\ModelTest" classname="Tests.Unit.GammaMatrix.Playground.Test.Models.UserWithRoleAndRolesAndPrivileges.ModelTest" assertions="2" time="0.007319"/>
      </testsuite>
      <testsuite name="Tests\Unit\GammaMatrix\Playground\Test\Models\UserWithSanctum\ModelTest" file="/app/tests/Unit/Models/UserWithSanctum/ModelTest.php" tests="1" assertions="2" errors="0" failures="0" skipped="0" time="0.006713">
        <testcase name="test_getAttributes" file="/app/tests/Unit/Models/UserWithSanctum/ModelTest.php" line="22" class="Tests\Unit\GammaMatrix\Playground\Test\Models\UserWithSanctum\ModelTest" classname="Tests.Unit.GammaMatrix.Playground.Test.Models.UserWithSanctum.ModelTest" assertions="2" time="0.006713"/>
      </testsuite>
    </testsuite>
  </testsuite>
</testsuites>
